<?xml version="1.0" encoding="UTF-8"?>
<!-- Generated by org.testng.reporters.JUnitXMLReporter -->
<testsuite ignored="7" hostname="Qualitrix-LinuxPC" failures="6" tests="8" name="Smoke-Test(failed)" time="1100.879" errors="0" timestamp="25 Oct 2018 20:18:58 GMT">
  <testcase classname="org.testscripts.UploadContentMP4" name="uploadContentMP4" time="176.225"/>
  <testcase classname="org.testscripts.UploadContentYOUTUBE" name="uploadContentYOUTUBE" time="52.944">
    <failure type="java.lang.AssertionError" message="Failed to upload any content and send for review ">
      <![CDATA[java.lang.AssertionError: Failed to upload any content and send for review 
	at org.pageobjects.CreatorUserPageObj.uploadContent(CreatorUserPageObj.java:1126)
	at org.testscripts.UploadContentYOUTUBE.uploadContentYOUTUBE(UploadContentYOUTUBE.java:33)
... Removed 26 stack frames]]>
    </failure>
  </testcase> <!-- uploadContentYOUTUBE -->
  <testcase classname="org.testscripts.ConsumeOpenCourseByPublicUser" name="consumeOpenCourseByPublicUser" time="322.766">
    <failure type="java.lang.AssertionError" message="Failed to enroll for an open batch, ExceptionExpected condition failed: waiting for visibility of Proxy element for: DefaultElementLocator &amp;apos;By.xpath: //button[text()=&amp;apos;Enroll	&amp;apos;]&amp;apos; (tried for 120 second(s) with 500 milliseconds interval)">
      <![CDATA[java.lang.AssertionError: Failed to enroll for an open batch, ExceptionExpected condition failed: waiting for visibility of Proxy element for: DefaultElementLocator 'By.xpath: //button[text()='Enroll	']' (tried for 120 second(s) with 500 milliseconds interval)
	at org.pageobjects.CreateMentorPageObj.enrollForOpenBatch(CreateMentorPageObj.java:262)
	at org.testscripts.ConsumeOpenCourseByPublicUser.consumeOpenCourseByPublicUser(ConsumeOpenCourseByPublicUser.java:130)
... Removed 26 stack frames]]>
    </failure>
  </testcase> <!-- consumeOpenCourseByPublicUser -->
  <testcase classname="org.testscripts.UploadContentWEBM" name="uploadContentWEBM" time="44.748">
    <failure type="java.lang.AssertionError" message="Failed to upload any content and send for review ">
      <![CDATA[java.lang.AssertionError: Failed to upload any content and send for review 
	at org.pageobjects.CreatorUserPageObj.uploadContent(CreatorUserPageObj.java:1126)
	at org.testscripts.UploadContentWEBM.uploadContentWEBM(UploadContentWEBM.java:33)
... Removed 26 stack frames]]>
    </failure>
  </testcase> <!-- uploadContentWEBM -->
  <testcase classname="org.testscripts.CreatorQuestionAndVerify" name="creatorQuestionAndVerify" time="132.769">
    <failure type="java.lang.AssertionError" message="Failed to resource Publish And Search  ">
      <![CDATA[java.lang.AssertionError: Failed to resource Publish And Search  
	at org.pageobjects.CreatorUserPageObj.resourcePublishAndSearch(CreatorUserPageObj.java:1462)
	at org.testscripts.CreatorQuestionAndVerify.creatorQuestionAndVerify(CreatorQuestionAndVerify.java:63)
... Removed 26 stack frames]]>
    </failure>
  </testcase> <!-- creatorQuestionAndVerify -->
  <testcase classname="org.testscripts.CreatorResourceAndVerify" name="creatorResourceAndVerify" time="158.592">
    <failure type="java.lang.AssertionError" message="Failed to resource Publish And Search  ">
      <![CDATA[java.lang.AssertionError: Failed to resource Publish And Search  
	at org.pageobjects.CreatorUserPageObj.resourcePublishAndSearch(CreatorUserPageObj.java:1462)
	at org.testscripts.CreatorResourceAndVerify.creatorResourceAndVerify(CreatorResourceAndVerify.java:63)
... Removed 26 stack frames]]>
    </failure>
  </testcase> <!-- creatorResourceAndVerify -->
  <testcase classname="org.testscripts.SearchCourseCreateInviteOnlyBatch" name="searchCourseCreateInviteOnlyBatch" time="98.243"/>
  <testcase classname="org.testscripts.UploadContentHTML" name="uploadContentHTML" time="55.664">
    <failure type="java.lang.AssertionError" message="Failed to upload any content and send for review ">
      <![CDATA[java.lang.AssertionError: Failed to upload any content and send for review 
	at org.pageobjects.CreatorUserPageObj.uploadContent(CreatorUserPageObj.java:1126)
	at org.testscripts.UploadContentHTML.uploadContentHTML(UploadContentHTML.java:33)
... Removed 26 stack frames]]>
    </failure>
  </testcase> <!-- uploadContentHTML -->
  <testcase classname="org.testscripts.CreatorCourseAndVerify" name="creatorCourseAndVerify" time="0.0">
    <ignored/>
  </testcase> <!-- creatorCourseAndVerify -->
  <testcase classname="org.testscripts.UploadContentH5P" name="uploadContentH5P" time="0.0">
    <ignored/>
  </testcase> <!-- uploadContentH5P -->
  <testcase classname="org.testscripts.UploadContentPDF" name="uploadContentPDF" time="0.0">
    <ignored/>
  </testcase> <!-- uploadContentPDF -->
  <testcase classname="org.testscripts.CreateBookAndVerify" name="createBookAndVerify" time="0.0">
    <ignored/>
  </testcase> <!-- createBookAndVerify -->
  <testcase classname="org.testscripts.UploadContentEPUB" name="uploadContentEPUB" time="0.0">
    <ignored/>
  </testcase> <!-- uploadContentEPUB -->
  <testcase classname="org.testscripts.CreateLessonAndVerify" name="createLessonAndVerify" time="0.0">
    <ignored/>
  </testcase> <!-- createLessonAndVerify -->
  <testcase classname="org.testscripts.CreateCollectionAndVerify" name="createCollectionAndVerify" time="0.0">
    <ignored/>
  </testcase> <!-- createCollectionAndVerify -->
</testsuite> <!-- Smoke-Test(failed) -->
