<?xml version="1.0" encoding="UTF-8"?>
<testng-results ignored="0" total="1" passed="1" failed="0" skipped="0">
  <reporter-output>
  </reporter-output>
  <suite started-at="2019-02-27T11:18:50Z" name="Suite" finished-at="2019-02-27T11:23:17Z" duration-ms="266176">
    <groups>
      <group name="creator">
        <method signature="CreateResourceAndVerify.createResourceAndVerify()[pri:0, instance:org.testscript.creator.CreateResourceAndVerify@609db43b]" name="createResourceAndVerify" class="org.testscript.creator.CreateResourceAndVerify"/>
      </group> <!-- creator -->
      <group name="smoke1">
        <method signature="CreateResourceAndVerify.createResourceAndVerify()[pri:0, instance:org.testscript.creator.CreateResourceAndVerify@609db43b]" name="createResourceAndVerify" class="org.testscript.creator.CreateResourceAndVerify"/>
      </group> <!-- smoke1 -->
      <group name="regression">
        <method signature="CreateResourceAndVerify.createResourceAndVerify()[pri:0, instance:org.testscript.creator.CreateResourceAndVerify@609db43b]" name="createResourceAndVerify" class="org.testscript.creator.CreateResourceAndVerify"/>
      </group> <!-- regression -->
      <group name="sanity">
        <method signature="CreateResourceAndVerify.createResourceAndVerify()[pri:0, instance:org.testscript.creator.CreateResourceAndVerify@609db43b]" name="createResourceAndVerify" class="org.testscript.creator.CreateResourceAndVerify"/>
      </group> <!-- sanity -->
    </groups>
    <test started-at="2019-02-27T11:18:50Z" name="Test" finished-at="2019-02-27T11:23:17Z" duration-ms="266176">
      <class name="org.testscript.creator.CreateResourceAndVerify">
        <test-method is-config="true" signature="openApplication()[pri:0, instance:org.testscript.creator.CreateResourceAndVerify@609db43b]" started-at="2019-02-27T16:48:50Z" name="openApplication" finished-at="2019-02-27T16:48:56Z" duration-ms="5574" status="PASS">
          <reporter-output>
          </reporter-output>
        </test-method> <!-- openApplication -->
        <test-method signature="createResourceAndVerify()[pri:0, instance:org.testscript.creator.CreateResourceAndVerify@609db43b]" started-at="2019-02-27T16:48:56Z" name="createResourceAndVerify" finished-at="2019-02-27T16:53:16Z" duration-ms="260080" status="PASS">
          <reporter-output>
          </reporter-output>
        </test-method> <!-- createResourceAndVerify -->
        <test-method is-config="true" signature="closeApplication()[pri:0, instance:org.testscript.creator.CreateResourceAndVerify@609db43b]" started-at="2019-02-27T16:53:16Z" name="closeApplication" finished-at="2019-02-27T16:53:17Z" duration-ms="504" status="PASS">
          <reporter-output>
          </reporter-output>
        </test-method> <!-- closeApplication -->
      </class> <!-- org.testscript.creator.CreateResourceAndVerify -->
    </test> <!-- Test -->
  </suite> <!-- Suite -->
</testng-results>
