<?xml version="1.0" encoding="UTF-8"?>
<!-- Generated by org.testng.reporters.JUnitXMLReporter -->
<testsuite ignored="0" hostname="Qualitrix-LinuxPC" failures="2" tests="146" name="Test(failed)" time="67.049" errors="0" timestamp="31 Dec 2018 09:28:55 GMT">
  <testcase classname="org.startup.BaseTest" name="@AfterMethod closeApplication" time="0.0">
    <failure type="org.openqa.selenium.WebDriverException" message="chrome not reachable
  (Session info: chrome=70.0.3538.67)
  (Driver info: chromedriver=2.41.578700 (2f1ed5f9343c13f73144538f15c00b370eda6706),platform=Linux 4.15.0-43-generic x86_64) (WARNING: The server did not provide any stacktrace information)
Command duration or timeout: 0 milliseconds
Build info: version: &amp;apos;3.12.0&amp;apos;, revision: &amp;apos;7c6e0b3&amp;apos;, time: &amp;apos;2018-05-08T14:04:26.12Z&amp;apos;
System info: host: &amp;apos;Qualitrix-LinuxPC&amp;apos;, ip: &amp;apos;127.0.1.1&amp;apos;, os.name: &amp;apos;Linux&amp;apos;, os.arch: &amp;apos;amd64&amp;apos;, os.version: &amp;apos;4.15.0-43-generic&amp;apos;, java.version: &amp;apos;10.0.2&amp;apos;
Driver info: org.openqa.selenium.chrome.ChromeDriver
Capabilities {acceptInsecureCerts: false, acceptSslCerts: false, applicationCacheEnabled: false, browserConnectionEnabled: false, browserName: chrome, chrome: {chromedriverVersion: 2.41.578700 (2f1ed5f9343c13..., userDataDir: /tmp/.org.chromium.Chromium...}, cssSelectorsEnabled: true, databaseEnabled: false, goog:chromeOptions: {debuggerAddress: localhost:40377}, handlesAlerts: true, hasTouchScreen: false, javascriptEnabled: true, locationContextEnabled: true, mobileEmulationEnabled: false, nativeEvents: true, networkConnectionEnabled: false, pageLoadStrategy: normal, platform: LINUX, platformName: LINUX, rotatable: false, setWindowRect: true, takesHeapSnapshot: true, takesScreenshot: true, unexpectedAlertBehaviour: , unhandledPromptBehavior: , version: 70.0.3538.67, webStorageEnabled: true}
Session ID: d655341c4c9f7e3de9d6888c6e446770">
      <![CDATA[org.openqa.selenium.WebDriverException: chrome not reachable
  (Session info: chrome=70.0.3538.67)
  (Driver info: chromedriver=2.41.578700 (2f1ed5f9343c13f73144538f15c00b370eda6706),platform=Linux 4.15.0-43-generic x86_64) (WARNING: The server did not provide any stacktrace information)
Command duration or timeout: 0 milliseconds
Build info: version: '3.12.0', revision: '7c6e0b3', time: '2018-05-08T14:04:26.12Z'
System info: host: 'Qualitrix-LinuxPC', ip: '127.0.1.1', os.name: 'Linux', os.arch: 'amd64', os.version: '4.15.0-43-generic', java.version: '10.0.2'
Driver info: org.openqa.selenium.chrome.ChromeDriver
Capabilities {acceptInsecureCerts: false, acceptSslCerts: false, applicationCacheEnabled: false, browserConnectionEnabled: false, browserName: chrome, chrome: {chromedriverVersion: 2.41.578700 (2f1ed5f9343c13..., userDataDir: /tmp/.org.chromium.Chromium...}, cssSelectorsEnabled: true, databaseEnabled: false, goog:chromeOptions: {debuggerAddress: localhost:40377}, handlesAlerts: true, hasTouchScreen: false, javascriptEnabled: true, locationContextEnabled: true, mobileEmulationEnabled: false, nativeEvents: true, networkConnectionEnabled: false, pageLoadStrategy: normal, platform: LINUX, platformName: LINUX, rotatable: false, setWindowRect: true, takesHeapSnapshot: true, takesScreenshot: true, unexpectedAlertBehaviour: , unhandledPromptBehavior: , version: 70.0.3538.67, webStorageEnabled: true}
Session ID: d655341c4c9f7e3de9d6888c6e446770
	at org.openqa.selenium.remote.ErrorHandler.createThrowable(ErrorHandler.java:214)
	at org.openqa.selenium.remote.ErrorHandler.throwIfResponseFailed(ErrorHandler.java:166)
	at org.openqa.selenium.remote.http.JsonHttpResponseCodec.reconstructValue(JsonHttpResponseCodec.java:40)
	at org.openqa.selenium.remote.http.AbstractHttpResponseCodec.decode(AbstractHttpResponseCodec.java:80)
	at org.openqa.selenium.remote.http.AbstractHttpResponseCodec.decode(AbstractHttpResponseCodec.java:44)
	at org.openqa.selenium.remote.HttpCommandExecutor.execute(HttpCommandExecutor.java:158)
	at org.openqa.selenium.remote.service.DriverCommandExecutor.execute(DriverCommandExecutor.java:83)
	at org.openqa.selenium.remote.RemoteWebDriver.execute(RemoteWebDriver.java:543)
	at org.openqa.selenium.remote.RemoteWebDriver.execute(RemoteWebDriver.java:600)
	at org.openqa.selenium.remote.RemoteWebDriver$RemoteWebDriverOptions.deleteAllCookies(RemoteWebDriver.java:685)
	at org.startup.BaseTest.closeApplication(BaseTest.java:42)
... Removed 31 stack frames]]>
    </failure>
  </testcase> <!-- @AfterMethod closeApplication -->
  <testcase classname="org.startup.BaseTest" name="@BeforeMethod openApplication" time="0.0">
    <skipped/>
  </testcase> <!-- @BeforeMethod openApplication -->
  <testcase classname="org.startup.BaseTest" name="@AfterMethod closeApplication" time="0.0">
    <skipped/>
  </testcase> <!-- @AfterMethod closeApplication -->
  <testcase classname="org.startup.BaseTest" name="@BeforeMethod openApplication" time="0.0">
    <skipped/>
  </testcase> <!-- @BeforeMethod openApplication -->
  <testcase classname="org.startup.BaseTest" name="@AfterMethod closeApplication" time="0.0">
    <skipped/>
  </testcase> <!-- @AfterMethod closeApplication -->
  <testcase classname="org.startup.BaseTest" name="@BeforeMethod openApplication" time="0.0">
    <skipped/>
  </testcase> <!-- @BeforeMethod openApplication -->
  <testcase classname="org.startup.BaseTest" name="@AfterMethod closeApplication" time="0.0">
    <skipped/>
  </testcase> <!-- @AfterMethod closeApplication -->
  <testcase classname="org.startup.BaseTest" name="@BeforeMethod openApplication" time="0.0">
    <skipped/>
  </testcase> <!-- @BeforeMethod openApplication -->
  <testcase classname="org.startup.BaseTest" name="@AfterMethod closeApplication" time="0.0">
    <skipped/>
  </testcase> <!-- @AfterMethod closeApplication -->
  <testcase classname="org.startup.BaseTest" name="@BeforeMethod openApplication" time="0.0">
    <skipped/>
  </testcase> <!-- @BeforeMethod openApplication -->
  <testcase classname="org.startup.BaseTest" name="@AfterMethod closeApplication" time="0.0">
    <skipped/>
  </testcase> <!-- @AfterMethod closeApplication -->
  <testcase classname="org.startup.BaseTest" name="@BeforeMethod openApplication" time="0.0">
    <skipped/>
  </testcase> <!-- @BeforeMethod openApplication -->
  <testcase classname="org.startup.BaseTest" name="@AfterMethod closeApplication" time="0.0">
    <skipped/>
  </testcase> <!-- @AfterMethod closeApplication -->
  <testcase classname="org.startup.BaseTest" name="@BeforeMethod openApplication" time="0.0">
    <skipped/>
  </testcase> <!-- @BeforeMethod openApplication -->
  <testcase classname="org.startup.BaseTest" name="@AfterMethod closeApplication" time="0.0">
    <skipped/>
  </testcase> <!-- @AfterMethod closeApplication -->
  <testcase classname="org.startup.BaseTest" name="@BeforeMethod openApplication" time="0.0">
    <skipped/>
  </testcase> <!-- @BeforeMethod openApplication -->
  <testcase classname="org.startup.BaseTest" name="@AfterMethod closeApplication" time="0.0">
    <skipped/>
  </testcase> <!-- @AfterMethod closeApplication -->
  <testcase classname="org.startup.BaseTest" name="@BeforeMethod openApplication" time="0.0">
    <skipped/>
  </testcase> <!-- @BeforeMethod openApplication -->
  <testcase classname="org.startup.BaseTest" name="@AfterMethod closeApplication" time="0.0">
    <skipped/>
  </testcase> <!-- @AfterMethod closeApplication -->
  <testcase classname="org.startup.BaseTest" name="@BeforeMethod openApplication" time="0.0">
    <skipped/>
  </testcase> <!-- @BeforeMethod openApplication -->
  <testcase classname="org.startup.BaseTest" name="@AfterMethod closeApplication" time="0.0">
    <skipped/>
  </testcase> <!-- @AfterMethod closeApplication -->
  <testcase classname="org.startup.BaseTest" name="@BeforeMethod openApplication" time="0.0">
    <skipped/>
  </testcase> <!-- @BeforeMethod openApplication -->
  <testcase classname="org.startup.BaseTest" name="@AfterMethod closeApplication" time="0.0">
    <skipped/>
  </testcase> <!-- @AfterMethod closeApplication -->
  <testcase classname="org.startup.BaseTest" name="@BeforeMethod openApplication" time="0.0">
    <skipped/>
  </testcase> <!-- @BeforeMethod openApplication -->
  <testcase classname="org.startup.BaseTest" name="@AfterMethod closeApplication" time="0.0">
    <skipped/>
  </testcase> <!-- @AfterMethod closeApplication -->
  <testcase classname="org.startup.BaseTest" name="@BeforeMethod openApplication" time="0.0">
    <skipped/>
  </testcase> <!-- @BeforeMethod openApplication -->
  <testcase classname="org.startup.BaseTest" name="@AfterMethod closeApplication" time="0.0">
    <skipped/>
  </testcase> <!-- @AfterMethod closeApplication -->
  <testcase classname="org.startup.BaseTest" name="@BeforeMethod openApplication" time="0.0">
    <skipped/>
  </testcase> <!-- @BeforeMethod openApplication -->
  <testcase classname="org.startup.BaseTest" name="@AfterMethod closeApplication" time="0.0">
    <skipped/>
  </testcase> <!-- @AfterMethod closeApplication -->
  <testcase classname="org.startup.BaseTest" name="@BeforeMethod openApplication" time="0.0">
    <skipped/>
  </testcase> <!-- @BeforeMethod openApplication -->
  <testcase classname="org.startup.BaseTest" name="@AfterMethod closeApplication" time="0.0">
    <skipped/>
  </testcase> <!-- @AfterMethod closeApplication -->
  <testcase classname="org.startup.BaseTest" name="@BeforeMethod openApplication" time="0.0">
    <skipped/>
  </testcase> <!-- @BeforeMethod openApplication -->
  <testcase classname="org.startup.BaseTest" name="@AfterMethod closeApplication" time="0.0">
    <skipped/>
  </testcase> <!-- @AfterMethod closeApplication -->
  <testcase classname="org.startup.BaseTest" name="@BeforeMethod openApplication" time="0.0">
    <skipped/>
  </testcase> <!-- @BeforeMethod openApplication -->
  <testcase classname="org.startup.BaseTest" name="@AfterMethod closeApplication" time="0.0">
    <skipped/>
  </testcase> <!-- @AfterMethod closeApplication -->
  <testcase classname="org.startup.BaseTest" name="@BeforeMethod openApplication" time="0.0">
    <skipped/>
  </testcase> <!-- @BeforeMethod openApplication -->
  <testcase classname="org.startup.BaseTest" name="@AfterMethod closeApplication" time="0.0">
    <skipped/>
  </testcase> <!-- @AfterMethod closeApplication -->
  <testcase classname="org.startup.BaseTest" name="@BeforeMethod openApplication" time="0.0">
    <skipped/>
  </testcase> <!-- @BeforeMethod openApplication -->
  <testcase classname="org.startup.BaseTest" name="@AfterMethod closeApplication" time="0.0">
    <skipped/>
  </testcase> <!-- @AfterMethod closeApplication -->
  <testcase classname="org.startup.BaseTest" name="@BeforeMethod openApplication" time="0.0">
    <skipped/>
  </testcase> <!-- @BeforeMethod openApplication -->
  <testcase classname="org.startup.BaseTest" name="@AfterMethod closeApplication" time="0.0">
    <skipped/>
  </testcase> <!-- @AfterMethod closeApplication -->
  <testcase classname="org.startup.BaseTest" name="@BeforeMethod openApplication" time="0.0">
    <skipped/>
  </testcase> <!-- @BeforeMethod openApplication -->
  <testcase classname="org.startup.BaseTest" name="@AfterMethod closeApplication" time="0.0">
    <skipped/>
  </testcase> <!-- @AfterMethod closeApplication -->
  <testcase classname="org.startup.BaseTest" name="@BeforeMethod openApplication" time="0.0">
    <skipped/>
  </testcase> <!-- @BeforeMethod openApplication -->
  <testcase classname="org.startup.BaseTest" name="@AfterMethod closeApplication" time="0.0">
    <skipped/>
  </testcase> <!-- @AfterMethod closeApplication -->
  <testcase classname="org.startup.BaseTest" name="@BeforeMethod openApplication" time="0.0">
    <skipped/>
  </testcase> <!-- @BeforeMethod openApplication -->
  <testcase classname="org.startup.BaseTest" name="@AfterMethod closeApplication" time="0.0">
    <skipped/>
  </testcase> <!-- @AfterMethod closeApplication -->
  <testcase classname="org.startup.BaseTest" name="@BeforeMethod openApplication" time="0.0">
    <skipped/>
  </testcase> <!-- @BeforeMethod openApplication -->
  <testcase classname="org.startup.BaseTest" name="@AfterMethod closeApplication" time="0.0">
    <skipped/>
  </testcase> <!-- @AfterMethod closeApplication -->
  <testcase classname="org.startup.BaseTest" name="@BeforeMethod openApplication" time="0.0">
    <skipped/>
  </testcase> <!-- @BeforeMethod openApplication -->
  <testcase classname="org.startup.BaseTest" name="@AfterMethod closeApplication" time="0.0">
    <skipped/>
  </testcase> <!-- @AfterMethod closeApplication -->
  <testcase classname="org.startup.BaseTest" name="@BeforeMethod openApplication" time="0.0">
    <skipped/>
  </testcase> <!-- @BeforeMethod openApplication -->
  <testcase classname="org.startup.BaseTest" name="@AfterMethod closeApplication" time="0.0">
    <skipped/>
  </testcase> <!-- @AfterMethod closeApplication -->
  <testcase classname="org.startup.BaseTest" name="@BeforeMethod openApplication" time="0.0">
    <skipped/>
  </testcase> <!-- @BeforeMethod openApplication -->
  <testcase classname="org.startup.BaseTest" name="@AfterMethod closeApplication" time="0.0">
    <skipped/>
  </testcase> <!-- @AfterMethod closeApplication -->
  <testcase classname="org.startup.BaseTest" name="@BeforeMethod openApplication" time="0.0">
    <skipped/>
  </testcase> <!-- @BeforeMethod openApplication -->
  <testcase classname="org.startup.BaseTest" name="@AfterMethod closeApplication" time="0.0">
    <skipped/>
  </testcase> <!-- @AfterMethod closeApplication -->
  <testcase classname="org.startup.BaseTest" name="@BeforeMethod openApplication" time="0.0">
    <skipped/>
  </testcase> <!-- @BeforeMethod openApplication -->
  <testcase classname="org.startup.BaseTest" name="@AfterMethod closeApplication" time="0.0">
    <skipped/>
  </testcase> <!-- @AfterMethod closeApplication -->
  <testcase classname="org.startup.BaseTest" name="@BeforeMethod openApplication" time="0.0">
    <skipped/>
  </testcase> <!-- @BeforeMethod openApplication -->
  <testcase classname="org.startup.BaseTest" name="@AfterMethod closeApplication" time="0.0">
    <skipped/>
  </testcase> <!-- @AfterMethod closeApplication -->
  <testcase classname="org.startup.BaseTest" name="@BeforeMethod openApplication" time="0.0">
    <skipped/>
  </testcase> <!-- @BeforeMethod openApplication -->
  <testcase classname="org.startup.BaseTest" name="@AfterMethod closeApplication" time="0.0">
    <skipped/>
  </testcase> <!-- @AfterMethod closeApplication -->
  <testcase classname="org.startup.BaseTest" name="@BeforeMethod openApplication" time="0.0">
    <skipped/>
  </testcase> <!-- @BeforeMethod openApplication -->
  <testcase classname="org.startup.BaseTest" name="@AfterMethod closeApplication" time="0.0">
    <skipped/>
  </testcase> <!-- @AfterMethod closeApplication -->
  <testcase classname="org.startup.BaseTest" name="@BeforeMethod openApplication" time="0.0">
    <skipped/>
  </testcase> <!-- @BeforeMethod openApplication -->
  <testcase classname="org.startup.BaseTest" name="@AfterMethod closeApplication" time="0.0">
    <skipped/>
  </testcase> <!-- @AfterMethod closeApplication -->
  <testcase classname="org.startup.BaseTest" name="@BeforeMethod openApplication" time="0.0">
    <skipped/>
  </testcase> <!-- @BeforeMethod openApplication -->
  <testcase classname="org.startup.BaseTest" name="@AfterMethod closeApplication" time="0.0">
    <skipped/>
  </testcase> <!-- @AfterMethod closeApplication -->
  <testcase classname="org.startup.BaseTest" name="@BeforeMethod openApplication" time="0.0">
    <skipped/>
  </testcase> <!-- @BeforeMethod openApplication -->
  <testcase classname="org.startup.BaseTest" name="@AfterMethod closeApplication" time="0.0">
    <skipped/>
  </testcase> <!-- @AfterMethod closeApplication -->
  <testcase classname="org.startup.BaseTest" name="@BeforeMethod openApplication" time="0.0">
    <skipped/>
  </testcase> <!-- @BeforeMethod openApplication -->
  <testcase classname="org.startup.BaseTest" name="@AfterMethod closeApplication" time="0.0">
    <skipped/>
  </testcase> <!-- @AfterMethod closeApplication -->
  <testcase classname="org.startup.BaseTest" name="@BeforeMethod openApplication" time="0.0">
    <skipped/>
  </testcase> <!-- @BeforeMethod openApplication -->
  <testcase classname="org.startup.BaseTest" name="@AfterMethod closeApplication" time="0.0">
    <skipped/>
  </testcase> <!-- @AfterMethod closeApplication -->
  <testcase classname="org.startup.BaseTest" name="@BeforeMethod openApplication" time="0.0">
    <skipped/>
  </testcase> <!-- @BeforeMethod openApplication -->
  <testcase classname="org.startup.BaseTest" name="@AfterMethod closeApplication" time="0.0">
    <skipped/>
  </testcase> <!-- @AfterMethod closeApplication -->
  <testcase classname="org.startup.BaseTest" name="@BeforeMethod openApplication" time="0.0">
    <skipped/>
  </testcase> <!-- @BeforeMethod openApplication -->
  <testcase classname="org.startup.BaseTest" name="@AfterMethod closeApplication" time="0.0">
    <skipped/>
  </testcase> <!-- @AfterMethod closeApplication -->
  <testcase classname="org.startup.BaseTest" name="@BeforeMethod openApplication" time="0.0">
    <skipped/>
  </testcase> <!-- @BeforeMethod openApplication -->
  <testcase classname="org.startup.BaseTest" name="@AfterMethod closeApplication" time="0.0">
    <skipped/>
  </testcase> <!-- @AfterMethod closeApplication -->
  <testcase classname="org.startup.BaseTest" name="@BeforeMethod openApplication" time="0.0">
    <skipped/>
  </testcase> <!-- @BeforeMethod openApplication -->
  <testcase classname="org.startup.BaseTest" name="@AfterMethod closeApplication" time="0.0">
    <skipped/>
  </testcase> <!-- @AfterMethod closeApplication -->
  <testcase classname="org.startup.BaseTest" name="@BeforeMethod openApplication" time="0.0">
    <skipped/>
  </testcase> <!-- @BeforeMethod openApplication -->
  <testcase classname="org.startup.BaseTest" name="@AfterMethod closeApplication" time="0.0">
    <skipped/>
  </testcase> <!-- @AfterMethod closeApplication -->
  <testcase classname="org.startup.BaseTest" name="@BeforeMethod openApplication" time="0.0">
    <skipped/>
  </testcase> <!-- @BeforeMethod openApplication -->
  <testcase classname="org.startup.BaseTest" name="@AfterMethod closeApplication" time="0.0">
    <skipped/>
  </testcase> <!-- @AfterMethod closeApplication -->
  <testcase classname="org.startup.BaseTest" name="@BeforeMethod openApplication" time="0.0">
    <skipped/>
  </testcase> <!-- @BeforeMethod openApplication -->
  <testcase classname="org.startup.BaseTest" name="@AfterMethod closeApplication" time="0.0">
    <skipped/>
  </testcase> <!-- @AfterMethod closeApplication -->
  <testcase classname="org.startup.BaseTest" name="@BeforeMethod openApplication" time="0.0">
    <skipped/>
  </testcase> <!-- @BeforeMethod openApplication -->
  <testcase classname="org.startup.BaseTest" name="@AfterMethod closeApplication" time="0.0">
    <skipped/>
  </testcase> <!-- @AfterMethod closeApplication -->
  <testcase classname="org.startup.BaseTest" name="@BeforeMethod openApplication" time="0.0">
    <skipped/>
  </testcase> <!-- @BeforeMethod openApplication -->
  <testcase classname="org.startup.BaseTest" name="@AfterMethod closeApplication" time="0.0">
    <skipped/>
  </testcase> <!-- @AfterMethod closeApplication -->
  <testcase classname="org.startup.BaseTest" name="@BeforeMethod openApplication" time="0.0">
    <skipped/>
  </testcase> <!-- @BeforeMethod openApplication -->
  <testcase classname="org.startup.BaseTest" name="@AfterMethod closeApplication" time="0.0">
    <skipped/>
  </testcase> <!-- @AfterMethod closeApplication -->
  <testcase classname="org.startup.BaseTest" name="@BeforeMethod openApplication" time="0.0">
    <skipped/>
  </testcase> <!-- @BeforeMethod openApplication -->
  <testcase classname="org.startup.BaseTest" name="@AfterMethod closeApplication" time="0.0">
    <skipped/>
  </testcase> <!-- @AfterMethod closeApplication -->
  <testcase classname="org.startup.BaseTest" name="@BeforeMethod openApplication" time="0.0">
    <skipped/>
  </testcase> <!-- @BeforeMethod openApplication -->
  <testcase classname="org.startup.BaseTest" name="@AfterMethod closeApplication" time="0.0">
    <skipped/>
  </testcase> <!-- @AfterMethod closeApplication -->
  <testcase classname="org.startup.BaseTest" name="@BeforeMethod openApplication" time="0.0">
    <skipped/>
  </testcase> <!-- @BeforeMethod openApplication -->
  <testcase classname="org.startup.BaseTest" name="@AfterMethod closeApplication" time="0.0">
    <skipped/>
  </testcase> <!-- @AfterMethod closeApplication -->
  <testcase classname="org.startup.BaseTest" name="@BeforeMethod openApplication" time="0.0">
    <skipped/>
  </testcase> <!-- @BeforeMethod openApplication -->
  <testcase classname="org.startup.BaseTest" name="@AfterMethod closeApplication" time="0.0">
    <skipped/>
  </testcase> <!-- @AfterMethod closeApplication -->
  <testcase classname="org.startup.BaseTest" name="@BeforeMethod openApplication" time="0.0">
    <skipped/>
  </testcase> <!-- @BeforeMethod openApplication -->
  <testcase classname="org.startup.BaseTest" name="@AfterMethod closeApplication" time="0.0">
    <skipped/>
  </testcase> <!-- @AfterMethod closeApplication -->
  <testcase classname="org.startup.BaseTest" name="@BeforeMethod openApplication" time="0.0">
    <skipped/>
  </testcase> <!-- @BeforeMethod openApplication -->
  <testcase classname="org.startup.BaseTest" name="@AfterMethod closeApplication" time="0.0">
    <skipped/>
  </testcase> <!-- @AfterMethod closeApplication -->
  <testcase classname="org.startup.BaseTest" name="@BeforeMethod openApplication" time="0.0">
    <skipped/>
  </testcase> <!-- @BeforeMethod openApplication -->
  <testcase classname="org.startup.BaseTest" name="@AfterMethod closeApplication" time="0.0">
    <skipped/>
  </testcase> <!-- @AfterMethod closeApplication -->
  <testcase classname="org.startup.BaseTest" name="@BeforeMethod openApplication" time="0.0">
    <skipped/>
  </testcase> <!-- @BeforeMethod openApplication -->
  <testcase classname="org.startup.BaseTest" name="@AfterMethod closeApplication" time="0.0">
    <skipped/>
  </testcase> <!-- @AfterMethod closeApplication -->
  <testcase classname="org.startup.BaseTest" name="@BeforeMethod openApplication" time="0.0">
    <skipped/>
  </testcase> <!-- @BeforeMethod openApplication -->
  <testcase classname="org.startup.BaseTest" name="@AfterMethod closeApplication" time="0.0">
    <skipped/>
  </testcase> <!-- @AfterMethod closeApplication -->
  <testcase classname="org.startup.BaseTest" name="@BeforeMethod openApplication" time="0.0">
    <skipped/>
  </testcase> <!-- @BeforeMethod openApplication -->
  <testcase classname="org.startup.BaseTest" name="@AfterMethod closeApplication" time="0.0">
    <skipped/>
  </testcase> <!-- @AfterMethod closeApplication -->
  <testcase classname="org.startup.BaseTest" name="@BeforeMethod openApplication" time="0.0">
    <skipped/>
  </testcase> <!-- @BeforeMethod openApplication -->
  <testcase classname="org.startup.BaseTest" name="@AfterMethod closeApplication" time="0.0">
    <skipped/>
  </testcase> <!-- @AfterMethod closeApplication -->
  <testcase classname="org.startup.BaseTest" name="@BeforeMethod openApplication" time="0.0">
    <skipped/>
  </testcase> <!-- @BeforeMethod openApplication -->
  <testcase classname="org.startup.BaseTest" name="@AfterMethod closeApplication" time="0.0">
    <skipped/>
  </testcase> <!-- @AfterMethod closeApplication -->
  <testcase classname="org.startup.BaseTest" name="@BeforeMethod openApplication" time="0.0">
    <skipped/>
  </testcase> <!-- @BeforeMethod openApplication -->
  <testcase classname="org.startup.BaseTest" name="@AfterMethod closeApplication" time="0.0">
    <skipped/>
  </testcase> <!-- @AfterMethod closeApplication -->
  <testcase classname="org.startup.BaseTest" name="@BeforeMethod openApplication" time="0.0">
    <skipped/>
  </testcase> <!-- @BeforeMethod openApplication -->
  <testcase classname="org.startup.BaseTest" name="@AfterMethod closeApplication" time="0.0">
    <skipped/>
  </testcase> <!-- @AfterMethod closeApplication -->
  <testcase classname="org.startup.BaseTest" name="@BeforeMethod openApplication" time="0.0">
    <skipped/>
  </testcase> <!-- @BeforeMethod openApplication -->
  <testcase classname="org.startup.BaseTest" name="@AfterMethod closeApplication" time="0.0">
    <skipped/>
  </testcase> <!-- @AfterMethod closeApplication -->
  <testcase classname="org.startup.BaseTest" name="@BeforeMethod openApplication" time="0.0">
    <skipped/>
  </testcase> <!-- @BeforeMethod openApplication -->
  <testcase classname="org.startup.BaseTest" name="@AfterMethod closeApplication" time="0.0">
    <skipped/>
  </testcase> <!-- @AfterMethod closeApplication -->
  <testcase classname="org.startup.BaseTest" name="@BeforeMethod openApplication" time="0.0">
    <skipped/>
  </testcase> <!-- @BeforeMethod openApplication -->
  <testcase classname="org.startup.BaseTest" name="@AfterMethod closeApplication" time="0.0">
    <skipped/>
  </testcase> <!-- @AfterMethod closeApplication -->
  <testcase classname="org.startup.BaseTest" name="@BeforeMethod openApplication" time="0.0">
    <skipped/>
  </testcase> <!-- @BeforeMethod openApplication -->
  <testcase classname="org.startup.BaseTest" name="@AfterMethod closeApplication" time="0.0">
    <skipped/>
  </testcase> <!-- @AfterMethod closeApplication -->
  <testcase classname="org.startup.BaseTest" name="@BeforeMethod openApplication" time="0.0">
    <skipped/>
  </testcase> <!-- @BeforeMethod openApplication -->
  <testcase classname="org.startup.BaseTest" name="@AfterMethod closeApplication" time="0.0">
    <skipped/>
  </testcase> <!-- @AfterMethod closeApplication -->
  <testcase classname="org.startup.BaseTest" name="@BeforeMethod openApplication" time="0.0">
    <skipped/>
  </testcase> <!-- @BeforeMethod openApplication -->
  <testcase classname="org.startup.BaseTest" name="@AfterMethod closeApplication" time="0.0">
    <skipped/>
  </testcase> <!-- @AfterMethod closeApplication -->
  <testcase classname="org.startup.BaseTest" name="@BeforeMethod openApplication" time="0.0">
    <skipped/>
  </testcase> <!-- @BeforeMethod openApplication -->
  <testcase classname="org.startup.BaseTest" name="@AfterMethod closeApplication" time="0.0">
    <skipped/>
  </testcase> <!-- @AfterMethod closeApplication -->
  <testcase classname="org.startup.BaseTest" name="@BeforeMethod openApplication" time="0.0">
    <skipped/>
  </testcase> <!-- @BeforeMethod openApplication -->
  <testcase classname="org.startup.BaseTest" name="@AfterMethod closeApplication" time="0.0">
    <skipped/>
  </testcase> <!-- @AfterMethod closeApplication -->
  <testcase classname="org.startup.BaseTest" name="@BeforeMethod openApplication" time="0.0">
    <skipped/>
  </testcase> <!-- @BeforeMethod openApplication -->
  <testcase classname="org.startup.BaseTest" name="@AfterMethod closeApplication" time="0.0">
    <skipped/>
  </testcase> <!-- @AfterMethod closeApplication -->
  <testcase classname="org.startup.BaseTest" name="@BeforeMethod openApplication" time="0.0">
    <skipped/>
  </testcase> <!-- @BeforeMethod openApplication -->
  <testcase classname="org.startup.BaseTest" name="@AfterMethod closeApplication" time="0.0">
    <skipped/>
  </testcase> <!-- @AfterMethod closeApplication -->
  <testcase classname="org.startup.BaseTest" name="@BeforeMethod openApplication" time="0.0">
    <skipped/>
  </testcase> <!-- @BeforeMethod openApplication -->
  <testcase classname="org.startup.BaseTest" name="@AfterMethod closeApplication" time="0.0">
    <skipped/>
  </testcase> <!-- @AfterMethod closeApplication -->
  <testcase classname="org.startup.BaseTest" name="@BeforeMethod openApplication" time="0.0">
    <skipped/>
  </testcase> <!-- @BeforeMethod openApplication -->
  <testcase classname="org.startup.BaseTest" name="@AfterMethod closeApplication" time="0.0">
    <skipped/>
  </testcase> <!-- @AfterMethod closeApplication -->
  <testcase classname="org.startup.BaseTest" name="@BeforeMethod openApplication" time="0.0">
    <skipped/>
  </testcase> <!-- @BeforeMethod openApplication -->
  <testcase classname="org.startup.BaseTest" name="@AfterMethod closeApplication" time="0.0">
    <skipped/>
  </testcase> <!-- @AfterMethod closeApplication -->
  <testcase classname="org.startup.BaseTest" name="@BeforeMethod openApplication" time="0.0">
    <skipped/>
  </testcase> <!-- @BeforeMethod openApplication -->
  <testcase classname="org.startup.BaseTest" name="@AfterMethod closeApplication" time="0.0">
    <skipped/>
  </testcase> <!-- @AfterMethod closeApplication -->
  <testcase classname="org.startup.BaseTest" name="@BeforeMethod openApplication" time="0.0">
    <skipped/>
  </testcase> <!-- @BeforeMethod openApplication -->
  <testcase classname="org.startup.BaseTest" name="@AfterMethod closeApplication" time="0.0">
    <skipped/>
  </testcase> <!-- @AfterMethod closeApplication -->
  <testcase classname="org.startup.BaseTest" name="@BeforeMethod openApplication" time="0.0">
    <skipped/>
  </testcase> <!-- @BeforeMethod openApplication -->
  <testcase classname="org.startup.BaseTest" name="@AfterMethod closeApplication" time="0.0">
    <skipped/>
  </testcase> <!-- @AfterMethod closeApplication -->
  <testcase classname="org.startup.BaseTest" name="@BeforeMethod openApplication" time="0.0">
    <skipped/>
  </testcase> <!-- @BeforeMethod openApplication -->
  <testcase classname="org.startup.BaseTest" name="@AfterMethod closeApplication" time="0.0">
    <skipped/>
  </testcase> <!-- @AfterMethod closeApplication -->
  <testcase classname="org.startup.BaseTest" name="@BeforeMethod openApplication" time="0.0">
    <skipped/>
  </testcase> <!-- @BeforeMethod openApplication -->
  <testcase classname="org.startup.BaseTest" name="@AfterMethod closeApplication" time="0.0">
    <skipped/>
  </testcase> <!-- @AfterMethod closeApplication -->
  <testcase classname="org.startup.BaseTest" name="@BeforeMethod openApplication" time="0.0">
    <skipped/>
  </testcase> <!-- @BeforeMethod openApplication -->
  <testcase classname="org.startup.BaseTest" name="@AfterMethod closeApplication" time="0.0">
    <skipped/>
  </testcase> <!-- @AfterMethod closeApplication -->
  <testcase classname="org.startup.BaseTest" name="@BeforeMethod openApplication" time="0.0">
    <skipped/>
  </testcase> <!-- @BeforeMethod openApplication -->
  <testcase classname="org.startup.BaseTest" name="@AfterMethod closeApplication" time="0.0">
    <skipped/>
  </testcase> <!-- @AfterMethod closeApplication -->
  <testcase classname="org.startup.BaseTest" name="@BeforeMethod openApplication" time="0.0">
    <skipped/>
  </testcase> <!-- @BeforeMethod openApplication -->
  <testcase classname="org.startup.BaseTest" name="@AfterMethod closeApplication" time="0.0">
    <skipped/>
  </testcase> <!-- @AfterMethod closeApplication -->
  <testcase classname="org.startup.BaseTest" name="@BeforeMethod openApplication" time="0.0">
    <skipped/>
  </testcase> <!-- @BeforeMethod openApplication -->
  <testcase classname="org.startup.BaseTest" name="@AfterMethod closeApplication" time="0.0">
    <skipped/>
  </testcase> <!-- @AfterMethod closeApplication -->
  <testcase classname="org.startup.BaseTest" name="@BeforeMethod openApplication" time="0.0">
    <skipped/>
  </testcase> <!-- @BeforeMethod openApplication -->
  <testcase classname="org.startup.BaseTest" name="@AfterMethod closeApplication" time="0.0">
    <skipped/>
  </testcase> <!-- @AfterMethod closeApplication -->
  <testcase classname="org.startup.BaseTest" name="@BeforeMethod openApplication" time="0.0">
    <skipped/>
  </testcase> <!-- @BeforeMethod openApplication -->
  <testcase classname="org.startup.BaseTest" name="@AfterMethod closeApplication" time="0.0">
    <skipped/>
  </testcase> <!-- @AfterMethod closeApplication -->
  <testcase classname="org.startup.BaseTest" name="@BeforeMethod openApplication" time="0.0">
    <skipped/>
  </testcase> <!-- @BeforeMethod openApplication -->
  <testcase classname="org.startup.BaseTest" name="@AfterMethod closeApplication" time="0.0">
    <skipped/>
  </testcase> <!-- @AfterMethod closeApplication -->
  <testcase classname="org.startup.BaseTest" name="@BeforeMethod openApplication" time="0.0">
    <skipped/>
  </testcase> <!-- @BeforeMethod openApplication -->
  <testcase classname="org.startup.BaseTest" name="@AfterMethod closeApplication" time="0.0">
    <skipped/>
  </testcase> <!-- @AfterMethod closeApplication -->
  <testcase classname="org.startup.BaseTest" name="@BeforeMethod openApplication" time="0.0">
    <skipped/>
  </testcase> <!-- @BeforeMethod openApplication -->
  <testcase classname="org.startup.BaseTest" name="@AfterMethod closeApplication" time="0.0">
    <skipped/>
  </testcase> <!-- @AfterMethod closeApplication -->
  <testcase classname="org.startup.BaseTest" name="@BeforeMethod openApplication" time="0.0">
    <skipped/>
  </testcase> <!-- @BeforeMethod openApplication -->
  <testcase classname="org.startup.BaseTest" name="@AfterMethod closeApplication" time="0.0">
    <skipped/>
  </testcase> <!-- @AfterMethod closeApplication -->
  <testcase classname="org.startup.BaseTest" name="@BeforeMethod openApplication" time="0.0">
    <skipped/>
  </testcase> <!-- @BeforeMethod openApplication -->
  <testcase classname="org.startup.BaseTest" name="@AfterMethod closeApplication" time="0.0">
    <skipped/>
  </testcase> <!-- @AfterMethod closeApplication -->
  <testcase classname="org.startup.BaseTest" name="@BeforeMethod openApplication" time="0.0">
    <skipped/>
  </testcase> <!-- @BeforeMethod openApplication -->
  <testcase classname="org.startup.BaseTest" name="@AfterMethod closeApplication" time="0.0">
    <skipped/>
  </testcase> <!-- @AfterMethod closeApplication -->
  <testcase classname="org.startup.BaseTest" name="@BeforeMethod openApplication" time="0.0">
    <skipped/>
  </testcase> <!-- @BeforeMethod openApplication -->
  <testcase classname="org.startup.BaseTest" name="@AfterMethod closeApplication" time="0.0">
    <skipped/>
  </testcase> <!-- @AfterMethod closeApplication -->
  <testcase classname="org.startup.BaseTest" name="@BeforeMethod openApplication" time="0.0">
    <skipped/>
  </testcase> <!-- @BeforeMethod openApplication -->
  <testcase classname="org.startup.BaseTest" name="@AfterMethod closeApplication" time="0.0">
    <skipped/>
  </testcase> <!-- @AfterMethod closeApplication -->
  <testcase classname="org.startup.BaseTest" name="@BeforeMethod openApplication" time="0.0">
    <skipped/>
  </testcase> <!-- @BeforeMethod openApplication -->
  <testcase classname="org.startup.BaseTest" name="@AfterMethod closeApplication" time="0.0">
    <skipped/>
  </testcase> <!-- @AfterMethod closeApplication -->
  <testcase classname="org.startup.BaseTest" name="@BeforeMethod openApplication" time="0.0">
    <skipped/>
  </testcase> <!-- @BeforeMethod openApplication -->
  <testcase classname="org.startup.BaseTest" name="@AfterMethod closeApplication" time="0.0">
    <skipped/>
  </testcase> <!-- @AfterMethod closeApplication -->
  <testcase classname="org.startup.BaseTest" name="@BeforeMethod openApplication" time="0.0">
    <skipped/>
  </testcase> <!-- @BeforeMethod openApplication -->
  <testcase classname="org.startup.BaseTest" name="@AfterMethod closeApplication" time="0.0">
    <skipped/>
  </testcase> <!-- @AfterMethod closeApplication -->
  <testcase classname="org.startup.BaseTest" name="@BeforeMethod openApplication" time="0.0">
    <skipped/>
  </testcase> <!-- @BeforeMethod openApplication -->
  <testcase classname="org.startup.BaseTest" name="@AfterMethod closeApplication" time="0.0">
    <skipped/>
  </testcase> <!-- @AfterMethod closeApplication -->
  <testcase classname="org.startup.BaseTest" name="@BeforeMethod openApplication" time="0.0">
    <skipped/>
  </testcase> <!-- @BeforeMethod openApplication -->
  <testcase classname="org.startup.BaseTest" name="@AfterMethod closeApplication" time="0.0">
    <skipped/>
  </testcase> <!-- @AfterMethod closeApplication -->
  <testcase classname="org.startup.BaseTest" name="@BeforeMethod openApplication" time="0.0">
    <skipped/>
  </testcase> <!-- @BeforeMethod openApplication -->
  <testcase classname="org.startup.BaseTest" name="@AfterMethod closeApplication" time="0.0">
    <skipped/>
  </testcase> <!-- @AfterMethod closeApplication -->
  <testcase classname="org.startup.BaseTest" name="@BeforeMethod openApplication" time="0.0">
    <skipped/>
  </testcase> <!-- @BeforeMethod openApplication -->
  <testcase classname="org.startup.BaseTest" name="@AfterMethod closeApplication" time="0.0">
    <skipped/>
  </testcase> <!-- @AfterMethod closeApplication -->
  <testcase classname="org.startup.BaseTest" name="@BeforeMethod openApplication" time="0.0">
    <skipped/>
  </testcase> <!-- @BeforeMethod openApplication -->
  <testcase classname="org.startup.BaseTest" name="@AfterMethod closeApplication" time="0.0">
    <skipped/>
  </testcase> <!-- @AfterMethod closeApplication -->
  <testcase classname="org.startup.BaseTest" name="@BeforeMethod openApplication" time="0.0">
    <skipped/>
  </testcase> <!-- @BeforeMethod openApplication -->
  <testcase classname="org.startup.BaseTest" name="@AfterMethod closeApplication" time="0.0">
    <skipped/>
  </testcase> <!-- @AfterMethod closeApplication -->
  <testcase classname="org.startup.BaseTest" name="@BeforeMethod openApplication" time="0.0">
    <skipped/>
  </testcase> <!-- @BeforeMethod openApplication -->
  <testcase classname="org.startup.BaseTest" name="@AfterMethod closeApplication" time="0.0">
    <skipped/>
  </testcase> <!-- @AfterMethod closeApplication -->
  <testcase classname="org.startup.BaseTest" name="@BeforeMethod openApplication" time="0.0">
    <skipped/>
  </testcase> <!-- @BeforeMethod openApplication -->
  <testcase classname="org.startup.BaseTest" name="@AfterMethod closeApplication" time="0.0">
    <skipped/>
  </testcase> <!-- @AfterMethod closeApplication -->
  <testcase classname="org.startup.BaseTest" name="@BeforeMethod openApplication" time="0.0">
    <skipped/>
  </testcase> <!-- @BeforeMethod openApplication -->
  <testcase classname="org.startup.BaseTest" name="@AfterMethod closeApplication" time="0.0">
    <skipped/>
  </testcase> <!-- @AfterMethod closeApplication -->
  <testcase classname="org.startup.BaseTest" name="@BeforeMethod openApplication" time="0.0">
    <skipped/>
  </testcase> <!-- @BeforeMethod openApplication -->
  <testcase classname="org.startup.BaseTest" name="@AfterMethod closeApplication" time="0.0">
    <skipped/>
  </testcase> <!-- @AfterMethod closeApplication -->
  <testcase classname="org.startup.BaseTest" name="@BeforeMethod openApplication" time="0.0">
    <skipped/>
  </testcase> <!-- @BeforeMethod openApplication -->
  <testcase classname="org.startup.BaseTest" name="@AfterMethod closeApplication" time="0.0">
    <skipped/>
  </testcase> <!-- @AfterMethod closeApplication -->
  <testcase classname="org.startup.BaseTest" name="@BeforeMethod openApplication" time="0.0">
    <skipped/>
  </testcase> <!-- @BeforeMethod openApplication -->
  <testcase classname="org.startup.BaseTest" name="@AfterMethod closeApplication" time="0.0">
    <skipped/>
  </testcase> <!-- @AfterMethod closeApplication -->
  <testcase classname="org.startup.BaseTest" name="@BeforeMethod openApplication" time="0.0">
    <skipped/>
  </testcase> <!-- @BeforeMethod openApplication -->
  <testcase classname="org.startup.BaseTest" name="@AfterMethod closeApplication" time="0.0">
    <skipped/>
  </testcase> <!-- @AfterMethod closeApplication -->
  <testcase classname="org.startup.BaseTest" name="@BeforeMethod openApplication" time="0.0">
    <skipped/>
  </testcase> <!-- @BeforeMethod openApplication -->
  <testcase classname="org.startup.BaseTest" name="@AfterMethod closeApplication" time="0.0">
    <skipped/>
  </testcase> <!-- @AfterMethod closeApplication -->
  <testcase classname="org.startup.BaseTest" name="@BeforeMethod openApplication" time="0.0">
    <skipped/>
  </testcase> <!-- @BeforeMethod openApplication -->
  <testcase classname="org.startup.BaseTest" name="@AfterMethod closeApplication" time="0.0">
    <skipped/>
  </testcase> <!-- @AfterMethod closeApplication -->
  <testcase classname="org.startup.BaseTest" name="@BeforeMethod openApplication" time="0.0">
    <skipped/>
  </testcase> <!-- @BeforeMethod openApplication -->
  <testcase classname="org.startup.BaseTest" name="@AfterMethod closeApplication" time="0.0">
    <skipped/>
  </testcase> <!-- @AfterMethod closeApplication -->
  <testcase classname="org.startup.BaseTest" name="@BeforeMethod openApplication" time="0.0">
    <skipped/>
  </testcase> <!-- @BeforeMethod openApplication -->
  <testcase classname="org.startup.BaseTest" name="@AfterMethod closeApplication" time="0.0">
    <skipped/>
  </testcase> <!-- @AfterMethod closeApplication -->
  <testcase classname="org.startup.BaseTest" name="@BeforeMethod openApplication" time="0.0">
    <skipped/>
  </testcase> <!-- @BeforeMethod openApplication -->
  <testcase classname="org.startup.BaseTest" name="@AfterMethod closeApplication" time="0.0">
    <skipped/>
  </testcase> <!-- @AfterMethod closeApplication -->
  <testcase classname="org.startup.BaseTest" name="@BeforeMethod openApplication" time="0.0">
    <skipped/>
  </testcase> <!-- @BeforeMethod openApplication -->
  <testcase classname="org.startup.BaseTest" name="@AfterMethod closeApplication" time="0.0">
    <skipped/>
  </testcase> <!-- @AfterMethod closeApplication -->
  <testcase classname="org.startup.BaseTest" name="@BeforeMethod openApplication" time="0.0">
    <skipped/>
  </testcase> <!-- @BeforeMethod openApplication -->
  <testcase classname="org.startup.BaseTest" name="@AfterMethod closeApplication" time="0.0">
    <skipped/>
  </testcase> <!-- @AfterMethod closeApplication -->
  <testcase classname="org.startup.BaseTest" name="@BeforeMethod openApplication" time="0.0">
    <skipped/>
  </testcase> <!-- @BeforeMethod openApplication -->
  <testcase classname="org.startup.BaseTest" name="@AfterMethod closeApplication" time="0.0">
    <skipped/>
  </testcase> <!-- @AfterMethod closeApplication -->
  <testcase classname="org.startup.BaseTest" name="@BeforeMethod openApplication" time="0.0">
    <skipped/>
  </testcase> <!-- @BeforeMethod openApplication -->
  <testcase classname="org.startup.BaseTest" name="@AfterMethod closeApplication" time="0.0">
    <skipped/>
  </testcase> <!-- @AfterMethod closeApplication -->
  <testcase classname="org.startup.BaseTest" name="@BeforeMethod openApplication" time="0.0">
    <skipped/>
  </testcase> <!-- @BeforeMethod openApplication -->
  <testcase classname="org.startup.BaseTest" name="@AfterMethod closeApplication" time="0.0">
    <skipped/>
  </testcase> <!-- @AfterMethod closeApplication -->
  <testcase classname="org.startup.BaseTest" name="@BeforeMethod openApplication" time="0.0">
    <skipped/>
  </testcase> <!-- @BeforeMethod openApplication -->
  <testcase classname="org.startup.BaseTest" name="@AfterMethod closeApplication" time="0.0">
    <skipped/>
  </testcase> <!-- @AfterMethod closeApplication -->
  <testcase classname="org.startup.BaseTest" name="@BeforeMethod openApplication" time="0.0">
    <skipped/>
  </testcase> <!-- @BeforeMethod openApplication -->
  <testcase classname="org.startup.BaseTest" name="@AfterMethod closeApplication" time="0.0">
    <skipped/>
  </testcase> <!-- @AfterMethod closeApplication -->
  <testcase classname="org.startup.BaseTest" name="@BeforeMethod openApplication" time="0.0">
    <skipped/>
  </testcase> <!-- @BeforeMethod openApplication -->
  <testcase classname="org.startup.BaseTest" name="@AfterMethod closeApplication" time="0.0">
    <skipped/>
  </testcase> <!-- @AfterMethod closeApplication -->
  <testcase classname="org.startup.BaseTest" name="@BeforeMethod openApplication" time="0.0">
    <skipped/>
  </testcase> <!-- @BeforeMethod openApplication -->
  <testcase classname="org.startup.BaseTest" name="@AfterMethod closeApplication" time="0.0">
    <skipped/>
  </testcase> <!-- @AfterMethod closeApplication -->
  <testcase classname="org.startup.BaseTest" name="@BeforeMethod openApplication" time="0.0">
    <skipped/>
  </testcase> <!-- @BeforeMethod openApplication -->
  <testcase classname="org.startup.BaseTest" name="@AfterMethod closeApplication" time="0.0">
    <skipped/>
  </testcase> <!-- @AfterMethod closeApplication -->
  <testcase classname="org.startup.BaseTest" name="@BeforeMethod openApplication" time="0.0">
    <skipped/>
  </testcase> <!-- @BeforeMethod openApplication -->
  <testcase classname="org.startup.BaseTest" name="@AfterMethod closeApplication" time="0.0">
    <skipped/>
  </testcase> <!-- @AfterMethod closeApplication -->
  <testcase classname="org.startup.BaseTest" name="@BeforeMethod openApplication" time="0.0">
    <skipped/>
  </testcase> <!-- @BeforeMethod openApplication -->
  <testcase classname="org.startup.BaseTest" name="@AfterMethod closeApplication" time="0.0">
    <skipped/>
  </testcase> <!-- @AfterMethod closeApplication -->
  <testcase classname="org.startup.BaseTest" name="@BeforeMethod openApplication" time="0.0">
    <skipped/>
  </testcase> <!-- @BeforeMethod openApplication -->
  <testcase classname="org.startup.BaseTest" name="@AfterMethod closeApplication" time="0.0">
    <skipped/>
  </testcase> <!-- @AfterMethod closeApplication -->
  <testcase classname="org.startup.BaseTest" name="@BeforeMethod openApplication" time="0.0">
    <skipped/>
  </testcase> <!-- @BeforeMethod openApplication -->
  <testcase classname="org.startup.BaseTest" name="@AfterMethod closeApplication" time="0.0">
    <skipped/>
  </testcase> <!-- @AfterMethod closeApplication -->
  <testcase classname="org.startup.BaseTest" name="@BeforeMethod openApplication" time="0.0">
    <skipped/>
  </testcase> <!-- @BeforeMethod openApplication -->
  <testcase classname="org.startup.BaseTest" name="@AfterMethod closeApplication" time="0.0">
    <skipped/>
  </testcase> <!-- @AfterMethod closeApplication -->
  <testcase classname="org.startup.BaseTest" name="@BeforeMethod openApplication" time="0.0">
    <skipped/>
  </testcase> <!-- @BeforeMethod openApplication -->
  <testcase classname="org.startup.BaseTest" name="@AfterMethod closeApplication" time="0.0">
    <skipped/>
  </testcase> <!-- @AfterMethod closeApplication -->
  <testcase classname="org.startup.BaseTest" name="@BeforeMethod openApplication" time="0.0">
    <skipped/>
  </testcase> <!-- @BeforeMethod openApplication -->
  <testcase classname="org.startup.BaseTest" name="@AfterMethod closeApplication" time="0.0">
    <skipped/>
  </testcase> <!-- @AfterMethod closeApplication -->
  <testcase classname="org.startup.BaseTest" name="@BeforeMethod openApplication" time="0.0">
    <skipped/>
  </testcase> <!-- @BeforeMethod openApplication -->
  <testcase classname="org.startup.BaseTest" name="@AfterMethod closeApplication" time="0.0">
    <skipped/>
  </testcase> <!-- @AfterMethod closeApplication -->
  <testcase classname="org.startup.BaseTest" name="@BeforeMethod openApplication" time="0.0">
    <skipped/>
  </testcase> <!-- @BeforeMethod openApplication -->
  <testcase classname="org.startup.BaseTest" name="@AfterMethod closeApplication" time="0.0">
    <skipped/>
  </testcase> <!-- @AfterMethod closeApplication -->
  <testcase classname="org.startup.BaseTest" name="@BeforeMethod openApplication" time="0.0">
    <skipped/>
  </testcase> <!-- @BeforeMethod openApplication -->
  <testcase classname="org.startup.BaseTest" name="@AfterMethod closeApplication" time="0.0">
    <skipped/>
  </testcase> <!-- @AfterMethod closeApplication -->
  <testcase classname="org.startup.BaseTest" name="@BeforeMethod openApplication" time="0.0">
    <skipped/>
  </testcase> <!-- @BeforeMethod openApplication -->
  <testcase classname="org.startup.BaseTest" name="@AfterMethod closeApplication" time="0.0">
    <skipped/>
  </testcase> <!-- @AfterMethod closeApplication -->
  <testcase classname="org.startup.BaseTest" name="@BeforeMethod openApplication" time="0.0">
    <skipped/>
  </testcase> <!-- @BeforeMethod openApplication -->
  <testcase classname="org.startup.BaseTest" name="@AfterMethod closeApplication" time="0.0">
    <skipped/>
  </testcase> <!-- @AfterMethod closeApplication -->
  <testcase classname="org.startup.BaseTest" name="@BeforeMethod openApplication" time="0.0">
    <skipped/>
  </testcase> <!-- @BeforeMethod openApplication -->
  <testcase classname="org.startup.BaseTest" name="@AfterMethod closeApplication" time="0.0">
    <skipped/>
  </testcase> <!-- @AfterMethod closeApplication -->
  <testcase classname="org.startup.BaseTest" name="@BeforeMethod openApplication" time="0.0">
    <skipped/>
  </testcase> <!-- @BeforeMethod openApplication -->
  <testcase classname="org.startup.BaseTest" name="@AfterMethod closeApplication" time="0.0">
    <skipped/>
  </testcase> <!-- @AfterMethod closeApplication -->
  <testcase classname="org.startup.BaseTest" name="@BeforeMethod openApplication" time="0.0">
    <skipped/>
  </testcase> <!-- @BeforeMethod openApplication -->
  <testcase classname="org.startup.BaseTest" name="@AfterMethod closeApplication" time="0.0">
    <skipped/>
  </testcase> <!-- @AfterMethod closeApplication -->
  <testcase classname="org.startup.BaseTest" name="@BeforeMethod openApplication" time="0.0">
    <skipped/>
  </testcase> <!-- @BeforeMethod openApplication -->
  <testcase classname="org.startup.BaseTest" name="@AfterMethod closeApplication" time="0.0">
    <skipped/>
  </testcase> <!-- @AfterMethod closeApplication -->
  <testcase classname="org.startup.BaseTest" name="@BeforeMethod openApplication" time="0.0">
    <skipped/>
  </testcase> <!-- @BeforeMethod openApplication -->
  <testcase classname="org.startup.BaseTest" name="@AfterMethod closeApplication" time="0.0">
    <skipped/>
  </testcase> <!-- @AfterMethod closeApplication -->
  <testcase classname="org.startup.BaseTest" name="@BeforeMethod openApplication" time="0.0">
    <skipped/>
  </testcase> <!-- @BeforeMethod openApplication -->
  <testcase classname="org.startup.BaseTest" name="@AfterMethod closeApplication" time="0.0">
    <skipped/>
  </testcase> <!-- @AfterMethod closeApplication -->
  <testcase classname="org.startup.BaseTest" name="@BeforeMethod openApplication" time="0.0">
    <skipped/>
  </testcase> <!-- @BeforeMethod openApplication -->
  <testcase classname="org.startup.BaseTest" name="@AfterMethod closeApplication" time="0.0">
    <skipped/>
  </testcase> <!-- @AfterMethod closeApplication -->
  <testcase classname="org.startup.BaseTest" name="@BeforeMethod openApplication" time="0.0">
    <skipped/>
  </testcase> <!-- @BeforeMethod openApplication -->
  <testcase classname="org.startup.BaseTest" name="@AfterMethod closeApplication" time="0.0">
    <skipped/>
  </testcase> <!-- @AfterMethod closeApplication -->
  <testcase classname="org.testscript.publicuser.SameUserNameIsNotAllowedWhileSignup" name="verify_SignUpFailure" time="20.475">
    <failure type="java.lang.AssertionError" message="Failed on sign up to the applicationno such element: Unable to locate element: {&amp;quot;method&amp;quot;:&amp;quot;xpath&amp;quot;,&amp;quot;selector&amp;quot;:&amp;quot;(//a[contains(text(),&amp;apos;SIGN UP&amp;apos;)])[2]&amp;quot;}
  (Session info: chrome=70.0.3538.67)
  (Driver info: chromedriver=2.41.578700 (2f1ed5f9343c13f73144538f15c00b370eda6706),platform=Linux 4.15.0-43-generic x86_64) (WARNING: The server did not provide any stacktrace information)
Command duration or timeout: 0 milliseconds
For documentation on this error, please visit: http://seleniumhq.org/exceptions/no_such_element.html
Build info: version: &amp;apos;3.12.0&amp;apos;, revision: &amp;apos;7c6e0b3&amp;apos;, time: &amp;apos;2018-05-08T14:04:26.12Z&amp;apos;
System info: host: &amp;apos;Qualitrix-LinuxPC&amp;apos;, ip: &amp;apos;127.0.1.1&amp;apos;, os.name: &amp;apos;Linux&amp;apos;, os.arch: &amp;apos;amd64&amp;apos;, os.version: &amp;apos;4.15.0-43-generic&amp;apos;, java.version: &amp;apos;10.0.2&amp;apos;
Driver info: org.openqa.selenium.chrome.ChromeDriver
Capabilities {acceptInsecureCerts: false, acceptSslCerts: false, applicationCacheEnabled: false, browserConnectionEnabled: false, browserName: chrome, chrome: {chromedriverVersion: 2.41.578700 (2f1ed5f9343c13..., userDataDir: /tmp/.org.chromium.Chromium...}, cssSelectorsEnabled: true, databaseEnabled: false, goog:chromeOptions: {debuggerAddress: localhost:35435}, handlesAlerts: true, hasTouchScreen: false, javascriptEnabled: true, locationContextEnabled: true, mobileEmulationEnabled: false, nativeEvents: true, networkConnectionEnabled: false, pageLoadStrategy: normal, platform: LINUX, platformName: LINUX, rotatable: false, setWindowRect: true, takesHeapSnapshot: true, takesScreenshot: true, unexpectedAlertBehaviour: , unhandledPromptBehavior: , version: 70.0.3538.67, webStorageEnabled: true}
Session ID: 0d9f467cf380bfcdf6f2f63a58b390dc
*** Element info: {Using=xpath, value=(//a[contains(text(),&amp;apos;SIGN UP&amp;apos;)])[2]}">
      <![CDATA[java.lang.AssertionError: Failed on sign up to the applicationno such element: Unable to locate element: {"method":"xpath","selector":"(//a[contains(text(),'SIGN UP')])[2]"}
  (Session info: chrome=70.0.3538.67)
  (Driver info: chromedriver=2.41.578700 (2f1ed5f9343c13f73144538f15c00b370eda6706),platform=Linux 4.15.0-43-generic x86_64) (WARNING: The server did not provide any stacktrace information)
Command duration or timeout: 0 milliseconds
For documentation on this error, please visit: http://seleniumhq.org/exceptions/no_such_element.html
Build info: version: '3.12.0', revision: '7c6e0b3', time: '2018-05-08T14:04:26.12Z'
System info: host: 'Qualitrix-LinuxPC', ip: '127.0.1.1', os.name: 'Linux', os.arch: 'amd64', os.version: '4.15.0-43-generic', java.version: '10.0.2'
Driver info: org.openqa.selenium.chrome.ChromeDriver
Capabilities {acceptInsecureCerts: false, acceptSslCerts: false, applicationCacheEnabled: false, browserConnectionEnabled: false, browserName: chrome, chrome: {chromedriverVersion: 2.41.578700 (2f1ed5f9343c13..., userDataDir: /tmp/.org.chromium.Chromium...}, cssSelectorsEnabled: true, databaseEnabled: false, goog:chromeOptions: {debuggerAddress: localhost:35435}, handlesAlerts: true, hasTouchScreen: false, javascriptEnabled: true, locationContextEnabled: true, mobileEmulationEnabled: false, nativeEvents: true, networkConnectionEnabled: false, pageLoadStrategy: normal, platform: LINUX, platformName: LINUX, rotatable: false, setWindowRect: true, takesHeapSnapshot: true, takesScreenshot: true, unexpectedAlertBehaviour: , unhandledPromptBehavior: , version: 70.0.3538.67, webStorageEnabled: true}
Session ID: 0d9f467cf380bfcdf6f2f63a58b390dc
*** Element info: {Using=xpath, value=(//a[contains(text(),'SIGN UP')])[2]}
	at org.pageobjects.SignUpPageObj.singleSignUpUser(SignUpPageObj.java:382)
	at org.testscript.publicuser.SameUserNameIsNotAllowedWhileSignup.verify_SignUpFailure(SameUserNameIsNotAllowedWhileSignup.java:21)
... Removed 26 stack frames]]>
    </failure>
  </testcase> <!-- verify_SignUpFailure -->
  <testcase classname="org.testscript.mentor.OpenBatchCreation" name="openBatchCreation" time="33.469">
    <failure type="java.lang.AssertionError" message="Failed on creating course">
      <![CDATA[java.lang.AssertionError: Failed on creating course
	at org.pageobjects.BatchUserPageObj.createCourse(BatchUserPageObj.java:98)
	at org.testscript.mentor.OpenBatchCreation.openBatchCreation(OpenBatchCreation.java:35)
... Removed 26 stack frames]]>
    </failure>
  </testcase> <!-- openBatchCreation -->
  <testcase classname="org.testscript.creator.VerifyTheBookAvailableForReview" name="verifyTheBookAvailableForReview" time="0.001">
    <skipped/>
  </testcase> <!-- verifyTheBookAvailableForReview -->
  <testcase classname="org.testscript.creator.VerifyThatTopicsAreSelectedOnMetaDataPage" name="verifyThatTopicsAreSelectedOnMetaDataPage" time="0.001">
    <skipped/>
  </testcase> <!-- verifyThatTopicsAreSelectedOnMetaDataPage -->
  <testcase classname="org.testscript.creator.LimitedSharingAndDeletingLessonPlan" name="limitedSharingAndDeletingLessonPlan" time="0.001">
    <skipped/>
  </testcase> <!-- limitedSharingAndDeletingLessonPlan -->
  <testcase classname="org.testscript.creator.CreateQuestionMTFAndVerify" name="createQuestionMTFAndVerify" time="0.0">
    <skipped/>
  </testcase> <!-- createQuestionMTFAndVerify -->
  <testcase classname="org.testscript.creator.VerifyUserNaviagationToContentEditor" name="verifyUserNavigateToContentEditorPage" time="0.001">
    <skipped/>
  </testcase> <!-- verifyUserNavigateToContentEditorPage -->
  <testcase classname="org.testscript.creator.SavedContentUnderAllUploads" name="savedContentUnderAllUploads" time="0.001">
    <skipped/>
  </testcase> <!-- savedContentUnderAllUploads -->
  <testcase classname="org.testscript.reviewer.LatestContentOnTopOfUpForReviewAndSearch" name="latestContentIsOnTopUpForReviewAndSearch" time="0.001">
    <skipped/>
  </testcase> <!-- latestContentIsOnTopUpForReviewAndSearch -->
  <testcase classname="org.testscript.announcementsender.ResendAnnouncement" name="resendAnnouncement" time="0.001">
    <skipped/>
  </testcase> <!-- resendAnnouncement -->
  <testcase classname="org.testscript.creator.UploadYoutubeFile" name="library_copyContent" time="0.001">
    <skipped/>
  </testcase> <!-- library_copyContent -->
  <testcase classname="org.testscript.mentor.ToVerifyUpdatingOfUpcomingBatchForSearchedCourse" name="toVerifyUpdatingOfUpcomingBatchForSearchedCourse" time="0.001">
    <skipped/>
  </testcase> <!-- toVerifyUpdatingOfUpcomingBatchForSearchedCourse -->
  <testcase classname="org.testscript.creator.DeletePublishedResourcesFromAllMyContent" name="deletePublishedResourcesFromAllMyContent" time="0.001">
    <skipped/>
  </testcase> <!-- deletePublishedResourcesFromAllMyContent -->
  <testcase classname="org.testscript.creator.VerifyPropertySectionAndPreviewSlides" name="verifyPropertySectionAndPreviewSlides" time="0.001">
    <skipped/>
  </testcase> <!-- verifyPropertySectionAndPreviewSlides -->
  <testcase classname="org.testscript.reviewer.RejectTheContent" name="rejectTheContent" time="0.001">
    <skipped/>
  </testcase> <!-- rejectTheContent -->
  <testcase classname="org.testscript.publicuser.NavigateToGetStartedAndExploreDiksha" name="navigateToGetStartedAndExploreDiksha" time="0.002">
    <skipped/>
  </testcase> <!-- navigateToGetStartedAndExploreDiksha -->
  <testcase classname="org.testscript.announcementsender.ResendAnnouncementAndVerifyAsReciever" name="resendAnnouncementAndVerifyAsReciever" time="0.0">
    <skipped/>
  </testcase> <!-- resendAnnouncementAndVerifyAsReciever -->
  <testcase classname="org.testscript.publicuser.SearchInLibraryUsingFilter" name="searchInLibraryUsingFilter" time="0.001">
    <skipped/>
  </testcase> <!-- searchInLibraryUsingFilter -->
  <testcase classname="org.testscript.creator.CreateBookAndVerify" name="createBookAndVerify" time="0.0">
    <skipped/>
  </testcase> <!-- createBookAndVerify -->
  <testcase classname="org.testscript.creator.AddChildNodesToLessonPlan" name="addChildNodesToLessonPlan" time="0.001">
    <skipped/>
  </testcase> <!-- addChildNodesToLessonPlan -->
  <testcase classname="org.testscript.mentor.EnrollToCourseInOpenBatch" name="enrollToCourseInOpenBatch" time="0.001">
    <skipped/>
  </testcase> <!-- enrollToCourseInOpenBatch -->
  <testcase classname="org.testscript.creator.CreateQuestionFITBAndVerify" name="createQuestionFITBAndVerify" time="0.0">
    <skipped/>
  </testcase> <!-- createQuestionFITBAndVerify -->
  <testcase classname="org.testscript.publicuser.SearchCourseUsingFilter" name="searchCourseUsingFilter" time="0.001">
    <skipped/>
  </testcase> <!-- searchCourseUsingFilter -->
  <testcase classname="org.testscript.mentor.CreateIOBatchByAddingMembersAndMentorsFromRootAndSubOrg" name="createIOBatchByAddingMembersAndMentorsFromRootAndSubOrg" time="0.001">
    <skipped/>
  </testcase> <!-- createIOBatchByAddingMembersAndMentorsFromRootAndSubOrg -->
  <testcase classname="org.testscript.creator.CreateLessonPlanAndVerify" name="createLessonAndVerify" time="0.0">
    <skipped/>
  </testcase> <!-- createLessonAndVerify -->
  <testcase classname="org.testscript.mentor.CreateIOBatchAndSearchTheCourseAsInvitedMember" name="createIOBatchAndSearchTheCourseAsInvitedMember" time="0.001">
    <skipped/>
  </testcase> <!-- createIOBatchAndSearchTheCourseAsInvitedMember -->
  <testcase classname="org.testscript.creator.QuestionTemplateFillInTheBlankCustom" name="questionTemplateFillInTheBlankCustom" time="0.001">
    <skipped/>
  </testcase> <!-- questionTemplateFillInTheBlankCustom -->
  <testcase classname="org.testscript.mentor.CheckSuborgMentorInvitingOrgMember" name="suborgMentorInvitingOrgMember" time="0.0">
    <skipped/>
  </testcase> <!-- suborgMentorInvitingOrgMember -->
  <testcase classname="org.testscript.creator.VerifySaveAndSendLessonPlanForReview" name="verifySaveAndSendLessonPlanForReview" time="0.0">
    <skipped/>
  </testcase> <!-- verifySaveAndSendLessonPlanForReview -->
  <testcase classname="org.testscript.creator.VerifyFeaturesOfProfileIconAndWorkspace" name="verifyProfileIcon4Features_workspaceFeatures" time="0.001">
    <skipped/>
  </testcase> <!-- verifyProfileIcon4Features_workspaceFeatures -->
  <testcase classname="org.testscript.announcementsender.CreateVerifyAndDeleteAnnouncement" name="createVerifyAndDeleteAnnouncement" time="0.0">
    <skipped/>
  </testcase> <!-- createVerifyAndDeleteAnnouncement -->
  <testcase classname="org.testscript.mentor.CheckCourseStatAsMentor" name="checkCourseStatAsMentor" time="0.001">
    <skipped/>
  </testcase> <!-- checkCourseStatAsMentor -->
  <testcase classname="org.testscript.creator.CreateLessonPlanWith3Resources" name="createLessonPlanWith3Resources" time="0.001">
    <skipped/>
  </testcase> <!-- createLessonPlanWith3Resources -->
  <testcase classname="org.testscript.creator.CreateResourceByAddingAudio" name="resource_VerifyAudioUpload" time="0.0">
    <skipped/>
  </testcase> <!-- resource_VerifyAudioUpload -->
  <testcase classname="org.testscript.creator.VerifyEditDetailsPopupAndTopicTree" name="verifyWorkspaceEditailsPage_TopicTree" time="0.001">
    <skipped/>
  </testcase> <!-- verifyWorkspaceEditailsPage_TopicTree -->
  <testcase classname="org.testscript.announcementsender.VerifyFilledDataWhileCreatingAnnouncement" name="verifyFilledDataWhileCreatingAnnouncement" time="0.0">
    <skipped/>
  </testcase> <!-- verifyFilledDataWhileCreatingAnnouncement -->
  <testcase classname="org.testscript.creator.SearchTheContentInUpForReview" name="searchTheContentInUpForReview" time="0.0">
    <skipped/>
  </testcase> <!-- searchTheContentInUpForReview -->
  <testcase classname="org.testscript.creator.SearchLessonPlanAndCopy" name="searchLessonPlanAndCopy" time="0.001">
    <skipped/>
  </testcase> <!-- searchLessonPlanAndCopy -->
  <testcase classname="org.testscript.reviewer.SearchContentWithFiltersAsReviewer" name="searchContentWithFiltersAsReviewer" time="0.001">
    <skipped/>
  </testcase> <!-- searchContentWithFiltersAsReviewer -->
  <testcase classname="org.testscript.creator.VerifyCreatedInviteOnlybatch" name="verifyCreatedInviteOnlybatch" time="0.0">
    <skipped/>
  </testcase> <!-- verifyCreatedInviteOnlybatch -->
  <testcase classname="org.testscript.creator.DeletePublishedBookFromAllMyContent" name="deletePublishedBookFromAllMyContent" time="0.001">
    <skipped/>
  </testcase> <!-- deletePublishedBookFromAllMyContent -->
  <testcase classname="org.testscript.announcementsender.CreateAnnouncementWithAttachment" name="createAnnouncementWithAttachment" time="0.0">
    <skipped/>
  </testcase> <!-- createAnnouncementWithAttachment -->
  <testcase classname="org.testscript.mentor.CreateIOBatchWithStartDateAsFutureDate" name="createIOBatchWithStartDateAsFutureDate" time="0.001">
    <skipped/>
  </testcase> <!-- createIOBatchWithStartDateAsFutureDate -->
  <testcase classname="org.testscript.creator.DeleteContentByStatusInAllMyContent" name="deleteByStatusInAllMyContent" time="0.001">
    <skipped/>
  </testcase> <!-- deleteByStatusInAllMyContent -->
  <testcase classname="org.testscript.mentor.SearchCourseCreateInviteOnlyBatch" name="searchCourseCreateInviteOnlyBatch" time="0.001">
    <skipped/>
  </testcase> <!-- searchCourseCreateInviteOnlyBatch -->
  <testcase classname="org.testscript.creator.VerifyEditMetadataPageForCollection" name="workspaceCollection_verifyEditDetailsPage" time="0.001">
    <skipped/>
  </testcase> <!-- workspaceCollection_verifyEditDetailsPage -->
  <testcase classname="org.testscript.creator.CreateResourceWithContentsPluginsAndVerifyContentEditor" name="createResourceWithContentsPluginsAndVerifyContentEditor" time="0.001">
    <skipped/>
  </testcase> <!-- createResourceWithContentsPluginsAndVerifyContentEditor -->
  <testcase classname="org.testscript.creator.SeeTheContentBasedOnAppliedFilter" name="seeTheContentBasedOnAppliedFilter" time="0.001">
    <skipped/>
  </testcase> <!-- seeTheContentBasedOnAppliedFilter -->
  <testcase classname="org.testscript.creator.VerifyPublishedContentInPublishedBucket" name="verifyPublishedContentInPublishedBucket" time="0.001">
    <skipped/>
  </testcase> <!-- verifyPublishedContentInPublishedBucket -->
  <testcase classname="org.testscript.mentor.CheckAvailabilityOfCourseForInvitedMember" name="checkAvailabilityOfCourseForInvitedMember" time="0.0">
    <skipped/>
  </testcase> <!-- checkAvailabilityOfCourseForInvitedMember -->
  <testcase classname="org.testscript.announcementsender.VerifyCreateAnnouncementFeature" name="verifyCreateAnnouncementFeature" time="0.001">
    <skipped/>
  </testcase> <!-- verifyCreateAnnouncementFeature -->
  <testcase classname="org.testscript.publicuser.SearchCourse" name="searchCourse" time="0.001">
    <skipped/>
  </testcase> <!-- searchCourse -->
  <testcase classname="org.testscript.publicuser.ProfileInfoUpdate" name="profileInfoUpdate" time="0.0">
    <skipped/>
  </testcase> <!-- profileInfoUpdate -->
  <testcase classname="org.testscript.creator.VerifyEditDetailsForLessonPlan" name="verifyEditDetailsForLessonPlan" time="0.001">
    <skipped/>
  </testcase> <!-- verifyEditDetailsForLessonPlan -->
  <testcase classname="org.testscript.mentor.ConsumeCourseByInvitedMember" name="consumeCourseByInvitedMember" time="0.001">
    <skipped/>
  </testcase> <!-- consumeCourseByInvitedMember -->
  <testcase classname="org.testscript.reviewer.ReviewAndPublishReceivedContent" name="reviewAndPublishReceivedContent" time="0.001">
    <skipped/>
  </testcase> <!-- reviewAndPublishReceivedContent -->
  <testcase classname="org.testscript.mentor.ConsumeOpenCourseByPublicUserAndCheckCourseStatAsMentor" name="consumeOpenCourseByPublicUserAndCheckCourseStatAsMentor" time="0.0">
    <skipped/>
  </testcase> <!-- consumeOpenCourseByPublicUserAndCheckCourseStatAsMentor -->
  <testcase classname="org.testscript.publicuser.AccessOnAllPagesAfterLogin" name="verify_PageAccessOnLogin" time="0.001">
    <skipped/>
  </testcase> <!-- verify_PageAccessOnLogin -->
  <testcase classname="org.testscript.reviewer.VerifySortByInUpForReview" name="verifySortByInUpForReview" time="0.001">
    <skipped/>
  </testcase> <!-- verifySortByInUpForReview -->
  <testcase classname="org.testscript.creator.VerifySaveContentInAllUploads" name="verifySaveContentInAllUploads" time="0.001">
    <skipped/>
  </testcase> <!-- verifySaveContentInAllUploads -->
  <testcase classname="org.testscript.mentor.VerifyMembersAutoInvitatedInInviteOnlyBatch" name="verifyMembersAutoInvitatedInInviteOnlyBatch" time="0.001">
    <skipped/>
  </testcase> <!-- verifyMembersAutoInvitatedInInviteOnlyBatch -->
  <testcase classname="org.testscript.creator.VerifyTheUploadedContent" name="verifyTheUploadedContent" time="0.0">
    <skipped/>
  </testcase> <!-- verifyTheUploadedContent -->
  <testcase classname="org.testscript.creator.VerifyMyActivityLinkInProfileDropdown" name="verifyMyactivityLinkInProfileDropdown" time="0.001">
    <skipped/>
  </testcase> <!-- verifyMyactivityLinkInProfileDropdown -->
  <testcase classname="org.testscript.mentor.MentorCreateCourseAndCreateOpenBatchForIt" name="mentorCreateCourseAndCreateOpenBatchForIt" time="0.001">
    <skipped/>
  </testcase> <!-- mentorCreateCourseAndCreateOpenBatchForIt -->
  <testcase classname="org.testscript.creator.VerifyLimitedSharing" name="verifyLimitedSharing" time="0.001">
    <skipped/>
  </testcase> <!-- verifyLimitedSharing -->
  <testcase classname="org.testscript.creator.VerifyThatTopicsAreDisplayedOnMetaDataForm" name="verifyThatTopicsAreDisplayedOnMetaDataForm" time="0.001">
    <skipped/>
  </testcase> <!-- verifyThatTopicsAreDisplayedOnMetaDataForm -->
  <testcase classname="org.testscript.reviewer.VerifyReviewerRequestChangesTheBook" name="verifyReviewerRequestChangesTheBook" time="0.0">
    <skipped/>
  </testcase> <!-- verifyReviewerRequestChangesTheBook -->
  <testcase classname="org.testscript.publicuser.ConfirmInstructionReceivedInforgotPassword" name="confirmInstructionReceivedInforgotPassword" time="0.0">
    <skipped/>
  </testcase> <!-- confirmInstructionReceivedInforgotPassword -->
  <testcase classname="org.testscript.announcementsender.VerifyCreateAnnouncementPopupAndFeatures" name="verifyCreateAnnouncementPopupAndFeatures" time="0.0">
    <skipped/>
  </testcase> <!-- verifyCreateAnnouncementPopupAndFeatures -->
  <testcase classname="org.testscript.creator.ResourceCreation" name="resourceCreation" time="0.001">
    <skipped/>
  </testcase> <!-- resourceCreation -->
  <testcase classname="org.testscript.announcementsender.DeleteAnnouncement" name="deleteAnnouncement" time="0.0">
    <skipped/>
  </testcase> <!-- deleteAnnouncement -->
  <testcase classname="org.testscript.mentor.CheckForAuthenticUserInMentor" name="checkForAuthenticUserInMentor" time="0.0">
    <skipped/>
  </testcase> <!-- checkForAuthenticUserInMentor -->
  <testcase classname="org.testscript.mentor.NavigateToMyActivityInDropdown" name="navigateToMyActivityInDropdown" time="0.0">
    <skipped/>
  </testcase> <!-- navigateToMyActivityInDropdown -->
  <testcase classname="org.testscript.mentor.NavigateToWorkspaceAndSelectPreviousBatches" name="navigateToWorkspaceAndSelectPreviousBatches" time="0.0">
    <skipped/>
  </testcase> <!-- navigateToWorkspaceAndSelectPreviousBatches -->
  <testcase classname="org.testscript.creator.CreateBookAndVerifyOnlyBooksPresent" name="createBookAndVerifyOnlyBooksPresent" time="0.0">
    <skipped/>
  </testcase> <!-- createBookAndVerifyOnlyBooksPresent -->
  <testcase classname="org.testscript.creator.ToVerifyUpdatingOfUpcomingBatchForSearchedCourse" name="toVerifyUpdatingOfUpcomingBatchForSearchedCourse" time="0.0">
    <skipped/>
  </testcase> <!-- toVerifyUpdatingOfUpcomingBatchForSearchedCourse -->
  <testcase classname="org.testscript.creator.DeletePublishedUploadContentFromAllMyContent" name="deletePublishedUploadContentFromAllMyContent" time="0.0">
    <skipped/>
  </testcase> <!-- deletePublishedUploadContentFromAllMyContent -->
  <testcase classname="org.testscript.reviewer.VerifyPublishButtonAndPublishCourse" name="verifyPublishButtonAndPublishCourse" time="0.0">
    <skipped/>
  </testcase> <!-- verifyPublishButtonAndPublishCourse -->
  <testcase classname="org.testscript.reviewer.RejectTheUploadedContent" name="rejectTheUploadedContent" time="0.0">
    <skipped/>
  </testcase> <!-- rejectTheUploadedContent -->
  <testcase classname="org.testscript.creator.SendForReviewContentUnderReviewSubmission" name="sendForReviewContentUnderReviewSubmission" time="0.001">
    <skipped/>
  </testcase> <!-- sendForReviewContentUnderReviewSubmission -->
  <testcase classname="org.testscript.creator.DeletePublishedLessonPlanFromAllMyContent" name="deletePublishedLessonPlanFromAllMyContent" time="0.0">
    <skipped/>
  </testcase> <!-- deletePublishedLessonPlanFromAllMyContent -->
  <testcase classname="org.testscript.announcementsender.NavigateToAnnouncementDashboard" name="navigateToAnnouncementDashboard" time="0.001">
    <skipped/>
  </testcase> <!-- navigateToAnnouncementDashboard -->
  <testcase classname="org.testscript.creator.VerifyTheClosingOfContentEditor" name="contentCreator_CloseEditor" time="0.0">
    <skipped/>
  </testcase> <!-- contentCreator_CloseEditor -->
  <testcase classname="org.testscript.creator.AllQuestionSetPlugins" name="questionSetPlugin" time="0.001">
    <skipped/>
  </testcase> <!-- questionSetPlugin -->
  <testcase classname="org.testscript.creator.DeletePublishedCollectionFromAllMyContent" name="deletePublishedCollectionFromAllMyContent" time="0.0">
    <skipped/>
  </testcase> <!-- deletePublishedCollectionFromAllMyContent -->
  <testcase classname="org.testscript.creator.DeletePublishedCourseFromAllMyContent" name="deletePublishedCourseFromAllMyContent" time="0.001">
    <skipped/>
  </testcase> <!-- deletePublishedCourseFromAllMyContent -->
  <testcase classname="org.testscript.creator.SendTheCourseForReview" name="sendTheCourseForReview" time="0.001">
    <skipped/>
  </testcase> <!-- sendTheCourseForReview -->
  <testcase classname="org.testscript.creator.UploadContentSaveAndSendForReview" name="uploadContentSaveAndSendForReview" time="0.001">
    <skipped/>
  </testcase> <!-- uploadContentSaveAndSendForReview -->
  <testcase classname="org.testscript.mentor.UpdateBatchAsInvitedMentor" name="updateBatchAsInvitedMentor" time="0.001">
    <skipped/>
  </testcase> <!-- updateBatchAsInvitedMentor -->
  <testcase classname="org.testscript.reviewer.VerifyLatestContentOnTopForReviewer" name="verifyLatestContentOnTopForReviewer" time="0.001">
    <skipped/>
  </testcase> <!-- verifyLatestContentOnTopForReviewer -->
  <testcase classname="org.testscript.reviewer.VerifyFiltersCanBeAppliedInUpForReview" name="verifyFiltersCanBeAppliedInUpForReview" time="0.0">
    <skipped/>
  </testcase> <!-- verifyFiltersCanBeAppliedInUpForReview -->
  <testcase classname="org.testscript.reviewer.SearchTheContentInUpForReview" name="searchTheContentInUpForReview" time="0.0">
    <skipped/>
  </testcase> <!-- searchTheContentInUpForReview -->
  <testcase classname="org.testscript.creator.CreateResourcePublishAndDeleteFromLimitedPublising" name="characterVerificationInPreviewKeyboard" time="0.0">
    <skipped/>
  </testcase> <!-- characterVerificationInPreviewKeyboard -->
  <testcase classname="org.testscript.publicuser.LoginAndChangePassword" name="loginAndChangePassword" time="0.0">
    <skipped/>
  </testcase> <!-- loginAndChangePassword -->
  <testcase classname="org.testscript.creator.CreateResourceByUploadingVideoAndActivityPlugins" name="verifyUploadingVideo_AddingActivity" time="0.0">
    <skipped/>
  </testcase> <!-- verifyUploadingVideo_AddingActivity -->
  <testcase classname="org.testscript.creator.CreateResourceByUploadingVideoAndActivityPlugins" name="verifyAddingActivityFunctionality" time="0.001">
    <skipped/>
  </testcase> <!-- verifyAddingActivityFunctionality -->
  <testcase classname="org.testscript.creator.ToVerifyUpdatingOfOngoingBatchForSearchedCourse" name="toVerifyUpdatingOfOngoingBatchForSearchedCourse" time="0.001">
    <skipped/>
  </testcase> <!-- toVerifyUpdatingOfOngoingBatchForSearchedCourse -->
  <testcase classname="org.testscript.creator.VerifycopyContent" name="verifycopyContent" time="0.001">
    <skipped/>
  </testcase> <!-- verifycopyContent -->
  <testcase classname="org.testscript.announcementsender.OpenAnnouncement" name="openAnnouncement" time="0.001">
    <skipped/>
  </testcase> <!-- openAnnouncement -->
  <testcase classname="org.testscript.mentor.CreateIOBatchWithStartDateAsCurrentDate" name="createIOBatchWithStartDateAsCurrentDate" time="0.0">
    <skipped/>
  </testcase> <!-- createIOBatchWithStartDateAsCurrentDate -->
  <testcase classname="org.testscript.publicuser.VerifyNavigateToGetPage" name="verify_NavigateToGetPage" time="0.0">
    <skipped/>
  </testcase> <!-- verify_NavigateToGetPage -->
  <testcase classname="org.testscript.publicuser.SearchInLibrary" name="searchInLibrary" time="0.0">
    <skipped/>
  </testcase> <!-- searchInLibrary -->
  <testcase classname="org.testscript.reviewer.SortTheResultInUpForReview" name="workspace_upForReviewSortBy" time="0.001">
    <skipped/>
  </testcase> <!-- workspace_upForReviewSortBy -->
  <testcase classname="org.testscript.mentor.VerifyCreatedInviteOnlybatch" name="verifyCreatedInviteOnlybatch" time="0.001">
    <skipped/>
  </testcase> <!-- verifyCreatedInviteOnlybatch -->
  <testcase classname="org.testscript.creator.CreateResourceWithMCQQuestionSet" name="createQuestionMCQAndVerify" time="0.0">
    <skipped/>
  </testcase> <!-- createQuestionMCQAndVerify -->
  <testcase classname="org.testscript.mentor.ToVerifyUpdatingOfOngoingBatchForSearchedCourse" name="toVerifyUpdatingOfOngoingBatchForSearchedCourse" time="0.0">
    <skipped/>
  </testcase> <!-- toVerifyUpdatingOfOngoingBatchForSearchedCourse -->
  <testcase classname="org.testscript.publicuser.VerifyHomePage" name="verifyHomePage" time="0.0">
    <skipped/>
  </testcase> <!-- verifyHomePage -->
  <testcase classname="org.testscript.creator.CreatorResourceAndVerify" name="creatorResourceAndVerify" time="0.001">
    <skipped/>
  </testcase> <!-- creatorResourceAndVerify -->
  <testcase classname="org.testscript.creator.EditAndVerifyTopicTree" name="editAndVerifyTopicTree" time="0.001">
    <skipped/>
  </testcase> <!-- editAndVerifyTopicTree -->
  <testcase classname="org.testscript.creator.VerifySortByInAllMyContentForCreator" name="verifyAllMyContentSortByForCreator" time="0.0">
    <skipped/>
  </testcase> <!-- verifyAllMyContentSortByForCreator -->
  <testcase classname="org.testscript.reviewer.ContentValidationInUpForReviewSearchWithFilter" name="contentValidationInUpForReviewSearchWithFilter" time="0.0">
    <skipped/>
  </testcase> <!-- contentValidationInUpForReviewSearchWithFilter -->
  <testcase classname="org.testscript.creator.LimitedSharedContentInLimitedSharingSection" name="workspace_LimitedPublishing" time="0.0">
    <skipped/>
  </testcase> <!-- workspace_LimitedPublishing -->
  <testcase classname="org.testscript.publicuser.SearchUsers" name="searchUsers" time="0.0">
    <skipped/>
  </testcase> <!-- searchUsers -->
  <testcase classname="org.testscript.creator.VerifyUploadAndDownloadContent" name="verifyUploadAndDownloadContent" time="0.0">
    <skipped/>
  </testcase> <!-- verifyUploadAndDownloadContent -->
  <testcase classname="org.testscript.creator.CreateCourseAndVerify" name="createCourseAndVerify" time="0.0">
    <skipped/>
  </testcase> <!-- createCourseAndVerify -->
  <testcase classname="org.testscript.creator.VerifySortOption" name="verifySortOption" time="0.001">
    <skipped/>
  </testcase> <!-- verifySortOption -->
  <testcase classname="org.testscript.announcementsender.VerifyAnnouncementPageContent" name="verifyAnnouncementMessage" time="0.001">
    <skipped/>
  </testcase> <!-- verifyAnnouncementMessage -->
  <testcase classname="org.testscript.creator.CourseCreation" name="courseCreation" time="0.001">
    <skipped/>
  </testcase> <!-- courseCreation -->
  <testcase classname="org.testscript.creator.SearchParticularContentInAllMyContent" name="VerifySortFeatureOptions" time="0.0">
    <skipped/>
  </testcase> <!-- VerifySortFeatureOptions -->
  <testcase classname="org.testscript.creator.BookCreation" name="bookCreation" time="0.0">
    <skipped/>
  </testcase> <!-- bookCreation -->
  <testcase classname="org.testscript.announcementsender.VerifyAnnouncementPageContent" name="VerifyAnnouncementDetails" time="0.0">
    <skipped/>
  </testcase> <!-- VerifyAnnouncementDetails -->
  <testcase classname="org.testscript.announcementsender.VerifyAnnouncementPageContent" name="VerifyAnnouncementCreationFields" time="0.0">
    <skipped/>
  </testcase> <!-- VerifyAnnouncementCreationFields -->
  <testcase classname="org.testscript.creator.UploadContentTypeMp4AndVerify" name="uploadContentTypeMp4AndVerify" time="0.001">
    <skipped/>
  </testcase> <!-- uploadContentTypeMp4AndVerify -->
  <testcase classname="org.testscript.creator.UploadContentTypePdfAndVerify" name="uploadContentTypePdfAndVerify" time="0.0">
    <skipped/>
  </testcase> <!-- uploadContentTypePdfAndVerify -->
  <testcase classname="org.testscript.creator.UploadContentTypeEpubAndVerify" name="uploadContentTypeEpubAndVerify" time="0.001">
    <skipped/>
  </testcase> <!-- uploadContentTypeEpubAndVerify -->
  <testcase classname="org.testscript.creator.UploadMp4Content" name="uploadMp4Content" time="0.001">
    <skipped/>
  </testcase> <!-- uploadMp4Content -->
  <testcase classname="org.testscript.creator.UploadContentTypeHtmlAndVerify" name="uploadContentTypeHtmlAndVerify" time="0.0">
    <skipped/>
  </testcase> <!-- uploadContentTypeHtmlAndVerify -->
  <testcase classname="org.testscript.creator.UploadWebmContent" name="uploadWebmContent" time="0.001">
    <skipped/>
  </testcase> <!-- uploadWebmContent -->
  <testcase classname="org.testscript.admin.VerifyElementsInAdminDashboard" name="verifyElementsInAdminDashboard" time="0.0">
    <skipped/>
  </testcase> <!-- verifyElementsInAdminDashboard -->
  <testcase classname="org.testscript.creator.UploadYoutubeContent" name="uploadYoutubeContent" time="0.001">
    <skipped/>
  </testcase> <!-- uploadYoutubeContent -->
  <testcase classname="org.testscript.admin.AdminCreationAndDownloadCsv" name="adminCreationAndDownloadCsv" time="0.001">
    <skipped/>
  </testcase> <!-- adminCreationAndDownloadCsv -->
  <testcase classname="org.testscript.admin.AdminCreationAndDownloadCsv" name="adminCreationAndDownloadCsv" time="0.0">
    <skipped/>
  </testcase> <!-- adminCreationAndDownloadCsv -->
  <testcase classname="org.testscript.creator.UploadEpubContent" name="uploadEpubContent" time="0.001">
    <skipped/>
  </testcase> <!-- uploadEpubContent -->
  <testcase classname="org.testscript.creator.UploadHtmlContent" name="uploadHtmlContent" time="0.001">
    <skipped/>
  </testcase> <!-- uploadHtmlContent -->
  <testcase classname="org.testscript.creator.UploadH5pContent" name="uploadH5pContent" time="0.001">
    <skipped/>
  </testcase> <!-- uploadH5pContent -->
  <testcase classname="org.testscript.creator.UploadContentTypeH5pAndVerify" name="uploadH5pContentAndVerify" time="0.0">
    <skipped/>
  </testcase> <!-- uploadH5pContentAndVerify -->
  <testcase classname="org.testscript.creator.CollectionCreation" name="collectionCreation" time="0.001">
    <skipped/>
  </testcase> <!-- collectionCreation -->
  <testcase classname="org.testscript.admin.NavigateToMyActivity" name="navigateToMyActivity" time="0.0">
    <skipped/>
  </testcase> <!-- navigateToMyActivity -->
  <testcase classname="org.testscript.creator.EditContentAndSendForReview" name="editContentAndSendForReview" time="0.0">
    <skipped/>
  </testcase> <!-- editContentAndSendForReview -->
  <testcase classname="org.testscript.creator.LimitedSharingTheContent" name="limitedSharingTheContent" time="0.0">
    <skipped/>
  </testcase> <!-- limitedSharingTheContent -->
  <testcase classname="org.testscript.creator.CheckInReviewSubmission" name="checkInReviewSubmission" time="0.0">
    <skipped/>
  </testcase> <!-- checkInReviewSubmission -->
  <testcase classname="org.testscript.creator.VerifyPublishedBucket" name="verifyPublishedBucket" time="0.001">
    <skipped/>
  </testcase> <!-- verifyPublishedBucket -->
  <testcase classname="org.testscript.creator.DialCodeLink" name="dialCodeLink" time="0.0">
    <skipped/>
  </testcase> <!-- dialCodeLink -->
  <testcase classname="org.testscript.creator.UnlinkDailcode" name="unlinkDailcode" time="0.001">
    <skipped/>
  </testcase> <!-- unlinkDailcode -->
  <testcase classname="org.testscript.creator.BookCreateOptionValidation" name="bookCreateOptionValidation" time="0.001">
    <skipped/>
  </testcase> <!-- bookCreateOptionValidation -->
  <testcase classname="org.testscript.creator.VerifyBookCreator" name="verifyBookCreator" time="0.0">
    <skipped/>
  </testcase> <!-- verifyBookCreator -->
</testsuite> <!-- Test(failed) -->
