<?xml version="1.0" encoding="UTF-8"?>
<!-- Generated by org.testng.reporters.JUnitXMLReporter -->
<testsuite ignored="193" hostname="qualitrix-thinkpad-e480" failures="9" tests="9" name="Testing" time="2275.069" errors="0" timestamp="26 Feb 2019 10:18:16 GMT">
  <testcase classname="org.testscript.mentor.SearchCourseCreateInviteOnlyBatch" name="searchCourseCreateInviteOnlyBatch" time="107.431">
    <failure type="java.lang.AssertionError" message="Failed to create invite only batch, Exceptionno such element: Unable to locate element: {&amp;quot;method&amp;quot;:&amp;quot;xpath&amp;quot;,&amp;quot;selector&amp;quot;:&amp;quot;//div[@class=&amp;apos;actions&amp;apos;]//button[@class=&amp;apos;ui primary button&amp;apos;]&amp;quot;}
  (Session info: chrome=72.0.3626.109)
  (Driver info: chromedriver=2.41.578700 (2f1ed5f9343c13f73144538f15c00b370eda6706),platform=Linux 4.15.0-45-generic x86_64) (WARNING: The server did not provide any stacktrace information)
Command duration or timeout: 0 milliseconds
For documentation on this error, please visit: http://seleniumhq.org/exceptions/no_such_element.html
Build info: version: &amp;apos;3.12.0&amp;apos;, revision: &amp;apos;7c6e0b3&amp;apos;, time: &amp;apos;2018-05-08T14:04:26.12Z&amp;apos;
System info: host: &amp;apos;qualitrix-thinkpad-e480&amp;apos;, ip: &amp;apos;127.0.1.1&amp;apos;, os.name: &amp;apos;Linux&amp;apos;, os.arch: &amp;apos;amd64&amp;apos;, os.version: &amp;apos;4.15.0-45-generic&amp;apos;, java.version: &amp;apos;10.0.2&amp;apos;
Driver info: org.openqa.selenium.chrome.ChromeDriver
Capabilities {acceptInsecureCerts: false, acceptSslCerts: false, applicationCacheEnabled: false, browserConnectionEnabled: false, browserName: chrome, chrome: {chromedriverVersion: 2.41.578700 (2f1ed5f9343c13..., userDataDir: /tmp/.org.chromium.Chromium...}, cssSelectorsEnabled: true, databaseEnabled: false, goog:chromeOptions: {debuggerAddress: localhost:43963}, handlesAlerts: true, hasTouchScreen: false, javascriptEnabled: true, locationContextEnabled: true, mobileEmulationEnabled: false, nativeEvents: true, networkConnectionEnabled: false, pageLoadStrategy: normal, platform: LINUX, platformName: LINUX, rotatable: false, setWindowRect: true, takesHeapSnapshot: true, takesScreenshot: true, unexpectedAlertBehaviour: , unhandledPromptBehavior: , version: 72.0.3626.109, webStorageEnabled: true}
Session ID: 12e023d78b8837b9b47f34c5c87e7275
*** Element info: {Using=xpath, value=//div[@class=&amp;apos;actions&amp;apos;]//button[@class=&amp;apos;ui primary button&amp;apos;]}">
      <![CDATA[java.lang.AssertionError: Failed to create invite only batch, Exceptionno such element: Unable to locate element: {"method":"xpath","selector":"//div[@class='actions']//button[@class='ui primary button']"}
  (Session info: chrome=72.0.3626.109)
  (Driver info: chromedriver=2.41.578700 (2f1ed5f9343c13f73144538f15c00b370eda6706),platform=Linux 4.15.0-45-generic x86_64) (WARNING: The server did not provide any stacktrace information)
Command duration or timeout: 0 milliseconds
For documentation on this error, please visit: http://seleniumhq.org/exceptions/no_such_element.html
Build info: version: '3.12.0', revision: '7c6e0b3', time: '2018-05-08T14:04:26.12Z'
System info: host: 'qualitrix-thinkpad-e480', ip: '127.0.1.1', os.name: 'Linux', os.arch: 'amd64', os.version: '4.15.0-45-generic', java.version: '10.0.2'
Driver info: org.openqa.selenium.chrome.ChromeDriver
Capabilities {acceptInsecureCerts: false, acceptSslCerts: false, applicationCacheEnabled: false, browserConnectionEnabled: false, browserName: chrome, chrome: {chromedriverVersion: 2.41.578700 (2f1ed5f9343c13..., userDataDir: /tmp/.org.chromium.Chromium...}, cssSelectorsEnabled: true, databaseEnabled: false, goog:chromeOptions: {debuggerAddress: localhost:43963}, handlesAlerts: true, hasTouchScreen: false, javascriptEnabled: true, locationContextEnabled: true, mobileEmulationEnabled: false, nativeEvents: true, networkConnectionEnabled: false, pageLoadStrategy: normal, platform: LINUX, platformName: LINUX, rotatable: false, setWindowRect: true, takesHeapSnapshot: true, takesScreenshot: true, unexpectedAlertBehaviour: , unhandledPromptBehavior: , version: 72.0.3626.109, webStorageEnabled: true}
Session ID: 12e023d78b8837b9b47f34c5c87e7275
*** Element info: {Using=xpath, value=//div[@class='actions']//button[@class='ui primary button']}
	at org.pageobjects.CreateMentorPageObj.createInviteOnlyBatch(CreateMentorPageObj.java:443)
	at org.testscript.mentor.SearchCourseCreateInviteOnlyBatch.searchCourseCreateInviteOnlyBatch(SearchCourseCreateInviteOnlyBatch.java:40)
... Removed 26 stack frames]]>
    </failure>
  </testcase> <!-- searchCourseCreateInviteOnlyBatch -->
  <testcase classname="org.testscript.mentor.ConsumeOpenCourseByPublicUser" name="consumeOpenCourseByPublicUser" time="37.582">
    <failure type="java.lang.AssertionError" message="Failed on creating course">
      <![CDATA[java.lang.AssertionError: Failed on creating course
	at org.pageobjects.CreatorUserPageObj.createCourseForOpenBatch(CreatorUserPageObj.java:2064)
	at org.testscript.mentor.ConsumeOpenCourseByPublicUser.consumeOpenCourseByPublicUser(ConsumeOpenCourseByPublicUser.java:56)
... Removed 26 stack frames]]>
    </failure>
  </testcase> <!-- consumeOpenCourseByPublicUser -->
  <testcase classname="org.testscript.creator.UploadContentTypeEpubAndVerify" name="uploadContentTypeEpubAndVerify" time="432.042">
    <failure type="java.lang.AssertionError" message="Failed to delete Items ">
      <![CDATA[java.lang.AssertionError: Failed to delete Items 
	at org.pageobjects.CreatorUserPageObj.deleteCreatedItems(CreatorUserPageObj.java:1976)
	at org.testscript.creator.UploadContentTypeEpubAndVerify.uploadContentTypeEpubAndVerify(UploadContentTypeEpubAndVerify.java:63)
... Removed 26 stack frames]]>
    </failure>
  </testcase> <!-- uploadContentTypeEpubAndVerify -->
  <testcase classname="org.testscript.creator.UploadContentTypeHtmlAndVerify" name="uploadContentTypeHtmlAndVerify" time="247.382">
    <failure type="java.lang.AssertionError" message="Failed to upload any content and send for review ">
      <![CDATA[java.lang.AssertionError: Failed to upload any content and send for review 
	at org.pageobjects.CreatorUserPageObj.uploadContentMp4(CreatorUserPageObj.java:707)
	at org.testscript.creator.UploadContentTypeHtmlAndVerify.uploadContentTypeHtmlAndVerify(UploadContentTypeHtmlAndVerify.java:39)
... Removed 26 stack frames]]>
    </failure>
  </testcase> <!-- uploadContentTypeHtmlAndVerify -->
  <testcase classname="org.testscript.creator.UploadContentYOUTUBE" name="uploadContentYOUTUBE" time="44.415">
    <failure type="java.lang.AssertionError" message="Failed to upload any content and send for review ">
      <![CDATA[java.lang.AssertionError: Failed to upload any content and send for review 
	at org.pageobjects.CreatorUserPageObj.uploadContentMp4(CreatorUserPageObj.java:707)
	at org.testscript.creator.UploadContentYOUTUBE.uploadContentYOUTUBE(UploadContentYOUTUBE.java:34)
... Removed 26 stack frames]]>
    </failure>
  </testcase> <!-- uploadContentYOUTUBE -->
  <testcase classname="org.testscript.creator.UploadContentTypeH5pAndVerify" name="uploadH5pContentAndVerify" time="489.704">
    <failure type="java.lang.AssertionError" message="Failed to search and publish">
      <![CDATA[java.lang.AssertionError: Failed to search and publish
	at org.pageobjects.CreatorUserPageObj.goToWorkspace(CreatorUserPageObj.java:2969)
	at org.testscript.creator.UploadContentTypeH5pAndVerify.uploadH5pContentAndVerify(UploadContentTypeH5pAndVerify.java:48)
... Removed 26 stack frames]]>
    </failure>
  </testcase> <!-- uploadH5pContentAndVerify -->
  <testcase classname="org.testscript.creator.UploadContentWEBM" name="uploadContentWEBM" time="60.084">
    <failure type="java.lang.AssertionError" message="Failed to upload any content and send for review ">
      <![CDATA[java.lang.AssertionError: Failed to upload any content and send for review 
	at org.pageobjects.CreatorUserPageObj.uploadContentMp4(CreatorUserPageObj.java:707)
	at org.testscript.creator.UploadContentWEBM.uploadContentWEBM(UploadContentWEBM.java:35)
... Removed 26 stack frames]]>
    </failure>
  </testcase> <!-- uploadContentWEBM -->
  <testcase classname="org.testscript.creator.UploadContentTypePdfAndVerify" name="uploadContentTypePdfAndVerify" time="308.087">
    <failure type="java.lang.AssertionError" message="Failed to upload any content and send for review ">
      <![CDATA[java.lang.AssertionError: Failed to upload any content and send for review 
	at org.pageobjects.CreatorUserPageObj.uploadContentMp4(CreatorUserPageObj.java:707)
	at org.testscript.creator.UploadContentTypePdfAndVerify.uploadContentTypePdfAndVerify(UploadContentTypePdfAndVerify.java:37)
... Removed 26 stack frames]]>
    </failure>
  </testcase> <!-- uploadContentTypePdfAndVerify -->
  <testcase classname="org.testscript.creator.UploadContentTypeMp4AndVerify" name="uploadContentTypeMp4AndVerify" time="502.789">
    <failure type="java.lang.AssertionError" message="Failed to upload any content and send for review ">
      <![CDATA[java.lang.AssertionError: Failed to upload any content and send for review 
	at org.pageobjects.CreatorUserPageObj.uploadContentMp4(CreatorUserPageObj.java:707)
	at org.testscript.creator.UploadContentTypeMp4AndVerify.uploadContentTypeMp4AndVerify(UploadContentTypeMp4AndVerify.java:39)
... Removed 26 stack frames]]>
    </failure>
  </testcase> <!-- uploadContentTypeMp4AndVerify -->
  <testcase classname="org.testscript.announcementsender.OpenAnnouncement" name="openAnnouncement" time="0.0">
    <ignored/>
  </testcase> <!-- openAnnouncement -->
  <testcase classname="org.testscript.creator.DeletePublishedUploadContentFromAllMyContent" name="deletePublishedUploadContentFromAllMyContent" time="0.0">
    <ignored/>
  </testcase> <!-- deletePublishedUploadContentFromAllMyContent -->
  <testcase classname="org.testscript.reviewer.VerifyPublishButtonAndPublishCourse" name="verifyPublishButtonAndPublishCourse" time="0.0">
    <ignored/>
  </testcase> <!-- verifyPublishButtonAndPublishCourse -->
  <testcase classname="org.testscript.publicuser.SearchCourse" name="searchCourse" time="0.0">
    <ignored/>
  </testcase> <!-- searchCourse -->
  <testcase classname="org.testscript.skippedfunctionality.UpdateProfilePhoto" name="updateProfilePhoto" time="0.0">
    <ignored/>
  </testcase> <!-- updateProfilePhoto -->
  <testcase classname="org.testscript.mentor.CreateIOBatchWithStartDateAsCurrentDate" name="createIOBatchWithStartDateAsCurrentDate" time="0.0">
    <ignored/>
  </testcase> <!-- createIOBatchWithStartDateAsCurrentDate -->
  <testcase classname="org.testscript.creator.UploadYoutubeFile" name="library_copyContent" time="0.0">
    <ignored/>
  </testcase> <!-- library_copyContent -->
  <testcase classname="org.testscript.creator.VerifyUserNaviagationToContentEditor" name="verifyUserNavigateToContentEditorPage" time="0.0">
    <ignored/>
  </testcase> <!-- verifyUserNavigateToContentEditorPage -->
  <testcase classname="org.testscript.creator.VerifyTheSorting" name="verifyTheSorting" time="0.0">
    <ignored/>
  </testcase> <!-- verifyTheSorting -->
  <testcase classname="org.testscript.creator.VerifySortOption" name="verifySortOption" time="0.0">
    <ignored/>
  </testcase> <!-- verifySortOption -->
  <testcase classname="org.testscript.creator.ResourceCreation" name="resourceCreation" time="0.0">
    <ignored/>
  </testcase> <!-- resourceCreation -->
  <testcase classname="org.testscript.publicuser.SearchCourseUsingFilter" name="searchCourseUsingFilter" time="0.0">
    <ignored/>
  </testcase> <!-- searchCourseUsingFilter -->
  <testcase classname="org.testscript.creator.SendForReviewContentUnderReviewSubmission" name="sendForReviewContentUnderReviewSubmission" time="0.0">
    <ignored/>
  </testcase> <!-- sendForReviewContentUnderReviewSubmission -->
  <testcase classname="org.testscript.creator.CheckInReviewSubmission" name="checkInReviewSubmission" time="0.0">
    <ignored/>
  </testcase> <!-- checkInReviewSubmission -->
  <testcase classname="org.testscript.regression_removed.TC_305" name="TC_305_rootOrg" time="0.0">
    <ignored/>
  </testcase> <!-- TC_305_rootOrg -->
  <testcase classname="org.testscript.mentor.CheckForAuthenticUserInMentor" name="checkForAuthenticUserInMentor" time="0.0">
    <ignored/>
  </testcase> <!-- checkForAuthenticUserInMentor -->
  <testcase classname="org.testscript.creator.VerifyValidAndInvalidDialCodesInBookCreation" name="verifyValidAndInvalidDialCodesInBookCreation" time="0.0">
    <ignored/>
  </testcase> <!-- verifyValidAndInvalidDialCodesInBookCreation -->
  <testcase classname="org.testscript.creator.VerifycopyContent" name="verifycopyContent" time="0.0">
    <ignored/>
  </testcase> <!-- verifycopyContent -->
  <testcase classname="org.testscript.creator.CreateResourceByAddingAudio" name="resource_VerifyAudioUpload" time="0.0">
    <ignored/>
  </testcase> <!-- resource_VerifyAudioUpload -->
  <testcase classname="org.testscript.skippedfunctionality.UploadSubOrgUsersWithOrgId" name="uploadSubOrgUsers" time="0.0">
    <ignored/>
  </testcase> <!-- uploadSubOrgUsers -->
  <testcase classname="org.testscript.skippedfunctionality.UploadRootOrgUsersWithOrgId" name="uploadRootOrgUsers" time="0.0">
    <ignored/>
  </testcase> <!-- uploadRootOrgUsers -->
  <testcase classname="org.testscript.publicuser.NavigateToGetStartedAndExploreSunbird" name="verify_NavigateToGetStarted_ExploreSunbirdPage" time="0.0">
    <ignored/>
  </testcase> <!-- verify_NavigateToGetStarted_ExploreSunbirdPage -->
  <testcase classname="org.testscript.creator.QuestionTemplateFillInTheBlankCustom" name="questionTemplateFillInTheBlankCustom" time="0.0">
    <ignored/>
  </testcase> <!-- questionTemplateFillInTheBlankCustom -->
  <testcase classname="org.testscript.announcementsender.VerifyAnnouncementPageContent" name="VerifyAnnouncementDetails" time="0.0">
    <ignored/>
  </testcase> <!-- VerifyAnnouncementDetails -->
  <testcase classname="org.testscript.announcementsender.VerifyAnnouncementPageContent" name="verifyAnnouncementMessage" time="0.0">
    <ignored/>
  </testcase> <!-- verifyAnnouncementMessage -->
  <testcase classname="org.testscript.creator.DeleteContentByStatusInAllMyContent" name="deleteByStatusInAllMyContent" time="0.0">
    <ignored/>
  </testcase> <!-- deleteByStatusInAllMyContent -->
  <testcase classname="org.testscript.creator.BookCreateOptionValidation" name="bookCreateOptionValidation" time="0.0">
    <ignored/>
  </testcase> <!-- bookCreateOptionValidation -->
  <testcase classname="org.testscript.creator.VerifyAvailabilityOfLibraryAndCourseAsAnonymousUser" name="verifyAvailabilityOfLibraryAndCourseAsAnonymousUser" time="0.0">
    <ignored/>
  </testcase> <!-- verifyAvailabilityOfLibraryAndCourseAsAnonymousUser -->
  <testcase classname="org.testscript.creator.SavedContentUnderAllUploads" name="savedContentUnderAllUploads" time="0.0">
    <ignored/>
  </testcase> <!-- savedContentUnderAllUploads -->
  <testcase classname="org.testscript.admin.NavigateToMyActivity" name="navigateToMyActivity" time="0.0">
    <ignored/>
  </testcase> <!-- navigateToMyActivity -->
  <testcase classname="org.testscript.creator.VerifyLibraryAndCourseInExplore_TOC_ContentPages" name="verifyLibraryAndCourseInExplore_TOC_ContentPages" time="0.0">
    <ignored/>
  </testcase> <!-- verifyLibraryAndCourseInExplore_TOC_ContentPages -->
  <testcase classname="org.testscript.creator.CreateQuestionMTFAndVerify" name="createQuestionMTFAndVerify" time="0.0">
    <ignored/>
  </testcase> <!-- createQuestionMTFAndVerify -->
  <testcase classname="org.testscript.announcementsender.VerifyCreateAnnouncementPopupAndFeatures" name="verifyCreateAnnouncementPopupAndFeatures" time="0.0">
    <ignored/>
  </testcase> <!-- verifyCreateAnnouncementPopupAndFeatures -->
  <testcase classname="org.testscript.creator.VerifyCreatorAndReviewerSameOwnershipTypeValueForUploadedContent" name="verifyCreatorAndReviewerHasOwnershipTypeValueOfUploadedContent" time="0.0">
    <ignored/>
  </testcase> <!-- verifyCreatorAndReviewerHasOwnershipTypeValueOfUploadedContent -->
  <testcase classname="org.testscript.publicuser.SearchInLibrary" name="searchInLibrary" time="0.0">
    <ignored/>
  </testcase> <!-- searchInLibrary -->
  <testcase classname="org.testscript.reviewer.ContentValidationInUpForReviewSearchWithFilter" name="contentValidationInUpForReviewSearchWithFilter" time="0.0">
    <ignored/>
  </testcase> <!-- contentValidationInUpForReviewSearchWithFilter -->
  <testcase classname="org.testscript.regression_removed.TC_296" name="TC_296_rootOrg" time="0.0">
    <ignored/>
  </testcase> <!-- TC_296_rootOrg -->
  <testcase classname="org.testscript.skippedfunctionality.AcceptAsflagReviewer" name="acceptAsflagReviewer" time="0.0">
    <ignored/>
  </testcase> <!-- acceptAsflagReviewer -->
  <testcase classname="org.testscript.creator.DeleteTheCreatedContent" name="deleteTheCreatedContent" time="0.0">
    <ignored/>
  </testcase> <!-- deleteTheCreatedContent -->
  <testcase classname="org.testscript.creator.ContentCreation" name="contentCreation" time="0.0">
    <ignored/>
  </testcase> <!-- contentCreation -->
  <testcase classname="org.testscript.publicuser.SearchInLibraryUsingFilter" name="searchInLibraryUsingFilter" time="0.0">
    <ignored/>
  </testcase> <!-- searchInLibraryUsingFilter -->
  <testcase classname="org.testscript.creator.CreateResourceAndVerify" name="createResourceAndVerify" time="0.0">
    <ignored/>
  </testcase> <!-- createResourceAndVerify -->
  <testcase classname="org.testscript.creator.VerifyEditDetailsPopup" name="verifyWorkspaceEditailsPage_TopicTree" time="0.0">
    <ignored/>
  </testcase> <!-- verifyWorkspaceEditailsPage_TopicTree -->
  <testcase classname="org.testscript.creator.CreateResourcePublishAndDeleteFromLimitedPublising" name="characterVerificationInPreviewKeyboard" time="0.0">
    <ignored/>
  </testcase> <!-- characterVerificationInPreviewKeyboard -->
  <testcase classname="org.testscript.admin.AdminCreationAndDownloadCsv" name="adminCreationAndDownloadCsv" time="0.0">
    <ignored/>
  </testcase> <!-- adminCreationAndDownloadCsv -->
  <testcase classname="org.testscript.creator.CreateCourseAndVerify" name="createCourseAndVerify" time="0.0">
    <ignored/>
  </testcase> <!-- createCourseAndVerify -->
  <testcase classname="org.testscript.creator.CourseCreation" name="courseCreation" time="0.0">
    <ignored/>
  </testcase> <!-- courseCreation -->
  <testcase classname="org.testscript.announcementsender.NavigateToAnnouncementDashboard" name="navigateToAnnouncementDashboard" time="0.0">
    <ignored/>
  </testcase> <!-- navigateToAnnouncementDashboard -->
  <testcase classname="org.testscript.skippedfunctionality.ChangeTheContentAfterFlagged" name="changeTheContentAfterFlagged" time="0.0">
    <ignored/>
  </testcase> <!-- changeTheContentAfterFlagged -->
  <testcase classname="org.testscript.creator.LimitedSharingAndDeletingLessonPlan" name="limitedSharingAndDeletingLessonPlan" time="0.0">
    <ignored/>
  </testcase> <!-- limitedSharingAndDeletingLessonPlan -->
  <testcase classname="org.testscript.creator.VerifyOwnershipTypeDdlValueWhenContentOpenedFromDrafts" name="verifyOwnershipTypeDropdownContentWhenOpenedFromDrafts" time="0.0">
    <ignored/>
  </testcase> <!-- verifyOwnershipTypeDropdownContentWhenOpenedFromDrafts -->
  <testcase classname="org.testscript.creator.VerifyPublishedBucket" name="verifyPublishedBucket" time="0.0">
    <ignored/>
  </testcase> <!-- verifyPublishedBucket -->
  <testcase classname="org.testscript.mentor.NavigateToMyActivityInDropdown" name="navigateToMyActivityInDropdown" time="0.0">
    <ignored/>
  </testcase> <!-- navigateToMyActivityInDropdown -->
  <testcase classname="org.testscript.skippedfunctionality.SubOrgUsersProviderAndExtId" name="subOrgUsersProviderAndExtId" time="0.0">
    <ignored/>
  </testcase> <!-- subOrgUsersProviderAndExtId -->
  <testcase classname="org.testscript.announcementsender.VerifyCreateAnnouncementFeature" name="verifyCreateAnnouncementFeature" time="0.0">
    <ignored/>
  </testcase> <!-- verifyCreateAnnouncementFeature -->
  <testcase classname="org.testscript.creator.CopyContentFromLibraryAndVerify" name="verifyCopyContent_Library" time="0.0">
    <ignored/>
  </testcase> <!-- verifyCopyContent_Library -->
  <testcase classname="org.testscript.creator.CreateBookAndVerify" name="createBookAndVerify" time="0.0">
    <ignored/>
  </testcase> <!-- createBookAndVerify -->
  <testcase classname="org.testscript.creator.VerifyOwnershipTypeCreatedForInBook" name="verifyOwnershipTypeCreatedForInBook" time="0.0">
    <ignored/>
  </testcase> <!-- verifyOwnershipTypeCreatedForInBook -->
  <testcase classname="org.testscript.reviewer.RejectTheContent" name="rejectTheContent" time="0.0">
    <ignored/>
  </testcase> <!-- rejectTheContent -->
  <testcase classname="org.testscript.mentor.EnrollToCourseInOpenBatch" name="enrollToCourseInOpenBatch" time="0.0">
    <ignored/>
  </testcase> <!-- enrollToCourseInOpenBatch -->
  <testcase classname="org.testscript.creator.SearchLessonPlanAndCopy" name="searchLessonPlanAndCopy" time="0.0">
    <ignored/>
  </testcase> <!-- searchLessonPlanAndCopy -->
  <testcase classname="org.testscript.creator.DeletePublishedCollectionFromAllMyContent" name="deletePublishedCollectionFromAllMyContent" time="0.0">
    <ignored/>
  </testcase> <!-- deletePublishedCollectionFromAllMyContent -->
  <testcase classname="org.testscript.skippedfunctionality.SearchAndDownloadOrgFile" name="searchAndDownloadOrgFile" time="0.0">
    <ignored/>
  </testcase> <!-- searchAndDownloadOrgFile -->
  <testcase classname="org.testscript.creator.CreateResourceByUploadingVideoAndActivityPlugins" name="verifyAddingActivityFunctionality" time="0.0">
    <ignored/>
  </testcase> <!-- verifyAddingActivityFunctionality -->
  <testcase classname="org.testscript.announcementsender.ResendAnnouncement" name="resendAnnouncement" time="0.0">
    <ignored/>
  </testcase> <!-- resendAnnouncement -->
  <testcase classname="org.testscript.creator.VerifySaveAndSendLessonPlanForReview" name="verifySaveAndSendLessonPlanForReview" time="0.0">
    <ignored/>
  </testcase> <!-- verifySaveAndSendLessonPlanForReview -->
  <testcase classname="org.testscript.skippedfunctionality.SkillEndorsement" name="skillEndorsement" time="0.0">
    <ignored/>
  </testcase> <!-- skillEndorsement -->
  <testcase classname="org.testscript.mentor.CreateIOBatchByAddingMembersAndMentorsFromRootAndSubOrg" name="createIOBatchByAddingMembersAndMentorsFromRootAndSubOrg" time="0.0">
    <ignored/>
  </testcase> <!-- createIOBatchByAddingMembersAndMentorsFromRootAndSubOrg -->
  <testcase classname="org.testscript.creator.VerifyTheBookAvailableForReview" name="verifyTheBookAvailableForReview" time="0.0">
    <ignored/>
  </testcase> <!-- verifyTheBookAvailableForReview -->
  <testcase classname="org.testscript.creator.VerifyThatTopicsAreSelectedOnMetaDataPage" name="verifyThatTopicsAreSelectedOnMetaDataPage" time="0.0">
    <ignored/>
  </testcase> <!-- verifyThatTopicsAreSelectedOnMetaDataPage -->
  <testcase classname="org.testscript.publicuser.AccessOnAllPagesAfterLogin" name="verify_PageAccessOnLogin" time="0.0">
    <ignored/>
  </testcase> <!-- verify_PageAccessOnLogin -->
  <testcase classname="org.testscript.creator.BookCreation" name="bookCreation" time="0.0">
    <ignored/>
  </testcase> <!-- bookCreation -->
  <testcase classname="org.testscript.creator.LessonplanCreation" name="createLessonAndVerify" time="0.0">
    <ignored/>
  </testcase> <!-- createLessonAndVerify -->
  <testcase classname="org.testscript.skippedfunctionality.CheckForDownloadButtonAvailabilityForUserInProfile" name="checkForDownloadButtonAvailabilityForUserInProfile" time="0.0">
    <ignored/>
  </testcase> <!-- checkForDownloadButtonAvailabilityForUserInProfile -->
  <testcase classname="org.testscript.creator.DownloadTheTOC" name="downloadTheTOC" time="0.0">
    <ignored/>
  </testcase> <!-- downloadTheTOC -->
  <testcase classname="org.testscript.mentor.CheckCourseStatAsMentor" name="checkCourseStatAsMentor" time="0.0">
    <ignored/>
  </testcase> <!-- checkCourseStatAsMentor -->
  <testcase classname="org.testscript.mentor.CreateIOBatchAndSearchTheCourseAsInvitedMember" name="createIOBatchAndSearchTheCourseAsInvitedMember" time="0.0">
    <ignored/>
  </testcase> <!-- createIOBatchAndSearchTheCourseAsInvitedMember -->
  <testcase classname="org.testscript.announcementsender.EditAndResendAnnouncement" name="editAndResendAnnouncement" time="0.0">
    <ignored/>
  </testcase> <!-- editAndResendAnnouncement -->
  <testcase classname="org.testscript.creator.VerifyFeaturesOfProfileIconAndWorkspace" name="verifyProfileIcon4Features_workspaceFeatures" time="0.0">
    <ignored/>
  </testcase> <!-- verifyProfileIcon4Features_workspaceFeatures -->
  <testcase classname="org.testscript.regression_removed.TC_295" name="TC_295_rootOrg" time="0.0">
    <ignored/>
  </testcase> <!-- TC_295_rootOrg -->
  <testcase classname="org.testscript.announcementsender.EditAndResendTheExistingAnnouncement" name="editAndResendTheExistingAnnouncement" time="0.0">
    <ignored/>
  </testcase> <!-- editAndResendTheExistingAnnouncement -->
  <testcase classname="org.testscript.creator.AllQuestionSetPlugins" name="questionSetPlugin" time="0.0">
    <ignored/>
  </testcase> <!-- questionSetPlugin -->
  <testcase classname="org.testscript.creator.CreateCollectionAndVerify" name="createCollectionAndVerify" time="0.0">
    <ignored/>
  </testcase> <!-- createCollectionAndVerify -->
  <testcase classname="org.testscript.creator.CollectionCreation" name="collectionCreation" time="0.0">
    <ignored/>
  </testcase> <!-- collectionCreation -->
  <testcase classname="org.testscript.creator.LimitedSharingTheContent" name="limitedSharingTheContent" time="0.0">
    <ignored/>
  </testcase> <!-- limitedSharingTheContent -->
  <testcase classname="org.testscript.creator.SearchTheContentInUpForReview" name="searchTheContentInUpForReview" time="0.0">
    <ignored/>
  </testcase> <!-- searchTheContentInUpForReview -->
  <testcase classname="org.testscript.creator.DialCodeLink" name="dialCodeLink" time="0.0">
    <ignored/>
  </testcase> <!-- dialCodeLink -->
  <testcase classname="org.testscript.creator.VerifyEditMetadataPageForCollection" name="workspaceCollection_verifyEditDetailsPage" time="0.0">
    <ignored/>
  </testcase> <!-- workspaceCollection_verifyEditDetailsPage -->
  <testcase classname="org.testscript.regression_removed.TC_302" name="TC_302_rootOrg" time="0.0">
    <ignored/>
  </testcase> <!-- TC_302_rootOrg -->
  <testcase classname="org.testscript.creator.VerifyBookCreator" name="verifyBookCreator" time="0.0">
    <ignored/>
  </testcase> <!-- verifyBookCreator -->
  <testcase classname="org.testscript.mentor.ToVerifyUpdatingOfOngoingBatchForSearchedCourse" name="toVerifyUpdatingOfOngoingBatchForSearchedCourse" time="0.0">
    <ignored/>
  </testcase> <!-- toVerifyUpdatingOfOngoingBatchForSearchedCourse -->
  <testcase classname="org.testscript.creator.DeletePublishedLessonPlanFromAllMyContent" name="deletePublishedLessonPlanFromAllMyContent" time="0.0">
    <ignored/>
  </testcase> <!-- deletePublishedLessonPlanFromAllMyContent -->
  <testcase classname="org.testscript.announcementsender.ResendAnnouncementAndVerifyAsReciever" name="resendAnnouncementAndVerifyAsReciever" time="0.0">
    <ignored/>
  </testcase> <!-- resendAnnouncementAndVerifyAsReciever -->
  <testcase classname="org.testscript.skippedfunctionality.DiscardAsFlagReviewer" name="discardAsFlagReviewer" time="0.0">
    <ignored/>
  </testcase> <!-- discardAsFlagReviewer -->
  <testcase classname="org.testscript.skippedfunctionality.UploadRootOrgUsersWithProviderAndExtID" name="rootUsersProviderAndExtID" time="0.0">
    <ignored/>
  </testcase> <!-- rootUsersProviderAndExtID -->
  <testcase classname="org.testscript.skippedfunctionality.FlagTheContentAsPublicUser" name="flagTheContentAsPublicUser" time="0.0">
    <ignored/>
  </testcase> <!-- flagTheContentAsPublicUser -->
  <testcase classname="org.testscript.reviewer.VerifyAppliedFilter" name="verifyAppliedFilter" time="0.0">
    <ignored/>
  </testcase> <!-- verifyAppliedFilter -->
  <testcase classname="org.testscript.creator.VerifySaveContentInAllUploads" name="verifySaveContentInAllUploads" time="0.0">
    <ignored/>
  </testcase> <!-- verifySaveContentInAllUploads -->
  <testcase classname="org.testscript.creator.CreateQuestionFITBAndVerify" name="createQuestionFITBAndVerify" time="0.0">
    <ignored/>
  </testcase> <!-- createQuestionFITBAndVerify -->
  <testcase classname="org.testscript.mentor.ConsumeCourseByInvitedMember" name="consumeCourseByInvitedMember" time="0.0">
    <ignored/>
  </testcase> <!-- consumeCourseByInvitedMember -->
  <testcase classname="org.testscript.mentor.VerifyCreatedInviteOnlybatch" name="verifyCreatedInviteOnlybatch" time="0.0">
    <ignored/>
  </testcase> <!-- verifyCreatedInviteOnlybatch -->
  <testcase classname="org.testscript.publicuser.ConfirmInstructionReceivedInforgotPassword" name="confirmInstructionReceivedInforgotPassword" time="0.0">
    <ignored/>
  </testcase> <!-- confirmInstructionReceivedInforgotPassword -->
  <testcase classname="org.testscript.creator.UploadContentSaveAndSendForReview" name="uploadContentSaveAndSendForReview" time="0.0">
    <ignored/>
  </testcase> <!-- uploadContentSaveAndSendForReview -->
  <testcase classname="org.testscript.creator.CreateResourceWithContentsPluginsAndVerifyContentEditor" name="createResourceWithContentsPlugins_VerifyContentEditor" time="0.0">
    <ignored/>
  </testcase> <!-- createResourceWithContentsPlugins_VerifyContentEditor -->
  <testcase classname="org.testscript.creator.VerifyLimitedSharing" name="verifyLimitedSharing" time="0.0">
    <ignored/>
  </testcase> <!-- verifyLimitedSharing -->
  <testcase classname="org.testscript.reviewer.ReviewAndPublishReceivedContent" name="reviewAndPublishReceivedContent" time="0.0">
    <ignored/>
  </testcase> <!-- reviewAndPublishReceivedContent -->
  <testcase classname="org.testscript.mentor.CheckSuborgMentorInvitingOrgMember" name="suborgMentorInvitingOrgMember" time="0.0">
    <ignored/>
  </testcase> <!-- suborgMentorInvitingOrgMember -->
  <testcase classname="org.testscript.creator.EditResourceAndVerify" name="editResourceAndVerify" time="0.0">
    <ignored/>
  </testcase> <!-- editResourceAndVerify -->
  <testcase classname="org.testscript.publicuser.ProfileInfoUpdate" name="profileInfoUpdate" time="0.0">
    <ignored/>
  </testcase> <!-- profileInfoUpdate -->
  <testcase classname="org.testscript.regression_removed.TC_338" name="TC_338_announcement_feature" time="0.0">
    <ignored/>
  </testcase> <!-- TC_338_announcement_feature -->
  <testcase classname="org.testscript.mentor.NavigateToWorkspaceAndSelectPreviousBatches" name="navigateToWorkspaceAndSelectPreviousBatches" time="0.0">
    <ignored/>
  </testcase> <!-- navigateToWorkspaceAndSelectPreviousBatches -->
  <testcase classname="org.testscript.creator.VerifyCreatorAndReviewerHasSameOwnershipTypeValueForCourse" name="verifyCreatorAndReviewerHasSameOwnershipTypeValueForCourse" time="0.0">
    <ignored/>
  </testcase> <!-- verifyCreatorAndReviewerHasSameOwnershipTypeValueForCourse -->
  <testcase classname="org.testscript.skippedfunctionality.UploadSubOrgUsersWithProviderAndExtId" name="subOrgUsersProviderAndExtId" time="0.0">
    <ignored/>
  </testcase> <!-- subOrgUsersProviderAndExtId -->
  <testcase classname="org.testscript.skippedfunctionality.CheckUpForReviewAsFlagReviewer" name="checkUpForReviewAsFlagReviewer" time="0.0">
    <ignored/>
  </testcase> <!-- checkUpForReviewAsFlagReviewer -->
  <testcase classname="org.testscript.announcementsender.DeleteAnnouncement" name="deleteAnnouncement" time="0.0">
    <ignored/>
  </testcase> <!-- deleteAnnouncement -->
  <testcase classname="org.testscript.creator.VerifyCreatorAndReviewerHasSameOwnershipTypeValueForCollection" name="verifyCreatorAndReviewerHasSameOwnershipTypeForCollection" time="0.0">
    <ignored/>
  </testcase> <!-- verifyCreatorAndReviewerHasSameOwnershipTypeForCollection -->
  <testcase classname="org.testscript.mentor.UpdateBatchAsInvitedMentor" name="updateBatchAsInvitedMentor" time="0.0">
    <ignored/>
  </testcase> <!-- updateBatchAsInvitedMentor -->
  <testcase classname="org.testscript.creator.VerifyCreatorAndReviewerHasSameOwnershipTypeValueForLessonPlan" name="verifyCreatorAndReviewerHasSameOwnershipTypeForLessonPlan" time="0.0">
    <ignored/>
  </testcase> <!-- verifyCreatorAndReviewerHasSameOwnershipTypeForLessonPlan -->
  <testcase classname="org.testscript.creator.VerifyPropertySectionAndPreviewSlides" name="verifyPropertySectionAndPreviewSlides" time="0.0">
    <ignored/>
  </testcase> <!-- verifyPropertySectionAndPreviewSlides -->
  <testcase classname="org.testscript.skippedfunctionality.SearchOrgsAsAdmin" name="searchOrgsAsAdmin" time="0.0">
    <ignored/>
  </testcase> <!-- searchOrgsAsAdmin -->
  <testcase classname="org.testscript.mentor.CreateIOBatchWithStartDateAsFutureDate" name="createIOBatchWithStartDateAsFutureDate" time="0.0">
    <ignored/>
  </testcase> <!-- createIOBatchWithStartDateAsFutureDate -->
  <testcase classname="org.testscript.announcementsender.CreateVerifyAndDeleteAnnouncement" name="createVerifyAndDeleteAnnouncement" time="0.0">
    <ignored/>
  </testcase> <!-- createVerifyAndDeleteAnnouncement -->
  <testcase classname="org.testscript.creator.VerifyUploadAndDownloadContent" name="verifyUploadAndDownloadContent" time="0.0">
    <ignored/>
  </testcase> <!-- verifyUploadAndDownloadContent -->
  <testcase classname="org.testscript.reviewer.VerifyLatestContentOnTopForReviewer" name="verifyLatestContentOnTopForReviewer" time="0.0">
    <ignored/>
  </testcase> <!-- verifyLatestContentOnTopForReviewer -->
  <testcase classname="org.testscript.publicuser.SameUserNameIsNotAllowedWhileSignup" name="verify_SignUpFailure" time="0.0">
    <ignored/>
  </testcase> <!-- verify_SignUpFailure -->
  <testcase classname="org.testscript.skippedfunctionality.CheckTheflaggedContentINDraft" name="checkTheflaggedContentINDraft" time="0.0">
    <ignored/>
  </testcase> <!-- checkTheflaggedContentINDraft -->
  <testcase classname="org.testscript.skippedfunctionality.UploadSubOrg" name="uploadSubOrg" time="0.0">
    <ignored/>
  </testcase> <!-- uploadSubOrg -->
  <testcase classname="org.testscript.regression_removed.TC_301" name="TC_301_rootOrg" time="0.0">
    <ignored/>
  </testcase> <!-- TC_301_rootOrg -->
  <testcase classname="org.testscript.creator.VerifyTheClosingOfContentEditor" name="contentCreator_CloseEditor" time="0.0">
    <ignored/>
  </testcase> <!-- contentCreator_CloseEditor -->
  <testcase classname="org.testscript.creator.VerifyUploadContentPopupAndFeatures" name="verifyUploadContentPopupAndFeatures" time="0.0">
    <ignored/>
  </testcase> <!-- verifyUploadContentPopupAndFeatures -->
  <testcase classname="org.testscript.reviewer.VerifyReviewerRequestChangesTheBook" name="verifyReviewerRequestChangesTheBook" time="0.0">
    <ignored/>
  </testcase> <!-- verifyReviewerRequestChangesTheBook -->
  <testcase classname="org.testscript.creator.CreateBookAndVerifyOnlyBooksPresent" name="createBookAndVerifyOnlyBooksPresent" time="0.0">
    <ignored/>
  </testcase> <!-- createBookAndVerifyOnlyBooksPresent -->
  <testcase classname="org.testscript.newfeature.VerifyTermsAndConditions" name="verifyTermsAndConditionsPopup" time="0.0">
    <ignored/>
  </testcase> <!-- verifyTermsAndConditionsPopup -->
  <testcase classname="org.testscript.creator.DeletePublishedCourseFromAllMyContent" name="deletePublishedCourseFromAllMyContent" time="0.0">
    <ignored/>
  </testcase> <!-- deletePublishedCourseFromAllMyContent -->
  <testcase classname="org.testscript.creator.VerifyMyActivityLinkInProfileDropdown" name="verifyMyactivityLinkInProfileDropdown" time="0.0">
    <ignored/>
  </testcase> <!-- verifyMyactivityLinkInProfileDropdown -->
  <testcase classname="org.testscript.publicuser.SearchUsers" name="searchUsers" time="0.0">
    <ignored/>
  </testcase> <!-- searchUsers -->
  <testcase classname="org.testscript.regression_removed.TC_304" name="TC_304_rootOrg" time="0.0">
    <ignored/>
  </testcase> <!-- TC_304_rootOrg -->
  <testcase classname="org.testscript.mentor.MentorCreateCourseAndCreateOpenBatchForIt" name="mentorCreateCourseAndCreateOpenBatchForIt" time="0.0">
    <ignored/>
  </testcase> <!-- mentorCreateCourseAndCreateOpenBatchForIt -->
  <testcase classname="org.testscript.creator.VerifyCreatorAndReviewerHasSameOwnershipTypeValueForResource" name="verifyCreatorAndReviewerHasSameOwnershipTypeValueForResource" time="0.0">
    <ignored/>
  </testcase> <!-- verifyCreatorAndReviewerHasSameOwnershipTypeValueForResource -->
  <testcase classname="org.testscript.publicuser.NavigateToGetStartedAndExploreDiksha" name="verify_NavigateToGetStarted_ExploreDikshaPage" time="0.0">
    <ignored/>
  </testcase> <!-- verify_NavigateToGetStarted_ExploreDikshaPage -->
  <testcase classname="org.testscript.creator.VerifyEditDetailsForLessonPlan" name="verifyEditDetailsForLessonPlan" time="0.0">
    <ignored/>
  </testcase> <!-- verifyEditDetailsForLessonPlan -->
  <testcase classname="org.testscript.skippedfunctionality.RootUsersProviderAndExtID" name="rootUsersProviderAndExtID" time="0.0">
    <ignored/>
  </testcase> <!-- rootUsersProviderAndExtID -->
  <testcase classname="org.testscript.skippedfunctionality.AdminConsumptionAndDownloadCsv" name="adminConsumptionAndDownloadCsv" time="0.0">
    <ignored/>
  </testcase> <!-- adminConsumptionAndDownloadCsv -->
  <testcase classname="org.testscript.newfeature.NoTCForSecondTimeUserLogin" name="noTermsAndConditionsForSecondTimeUserLogon" time="0.0">
    <ignored/>
  </testcase> <!-- noTermsAndConditionsForSecondTimeUserLogon -->
  <testcase classname="org.testscript.creator.CreateResourceByUploadingVideoAndActivityPlugins" name="verifyUploadingVideo_AddingActivity" time="0.0">
    <ignored/>
  </testcase> <!-- verifyUploadingVideo_AddingActivity -->
  <testcase classname="org.testscript.reviewer.SortTheResultInUpForReview" name="workspace_upForReviewSortBy" time="0.0">
    <ignored/>
  </testcase> <!-- workspace_upForReviewSortBy -->
  <testcase classname="org.testscript.creator.CreateLessonAndVerify" name="createLessonAndVerify" time="0.0">
    <ignored/>
  </testcase> <!-- createLessonAndVerify -->
  <testcase classname="org.testscript.reviewer.PublishTheContent" name="verifyPublishedContentInPublishedBucket" time="0.0">
    <ignored/>
  </testcase> <!-- verifyPublishedContentInPublishedBucket -->
  <testcase classname="org.testscript.reviewer.VerifySortByInUpForReview" name="verifySortByInUpForReview" time="0.0">
    <ignored/>
  </testcase> <!-- verifySortByInUpForReview -->
  <testcase classname="org.testscript.creator.EditBookAndVerify" name="editBookAndVerify" time="0.0">
    <ignored/>
  </testcase> <!-- editBookAndVerify -->
  <testcase classname="org.testscript.publicuser.LoginAndChangePassword" name="loginAndChangePassword" time="0.0">
    <ignored/>
  </testcase> <!-- loginAndChangePassword -->
  <testcase classname="org.testscript.reviewer.LatestContentOnTopOfUpForReviewAndSearch" name="latestContentIsOnTopUpForReviewAndSearch" time="0.0">
    <ignored/>
  </testcase> <!-- latestContentIsOnTopUpForReviewAndSearch -->
  <testcase classname="org.testscript.creator.SearchParticularContentInAllMyContent" name="VerifySortFeatureOptions" time="0.0">
    <ignored/>
  </testcase> <!-- VerifySortFeatureOptions -->
  <testcase classname="org.testscript.creator.AddChildNodesToLessonPlan" name="addChildNodesToLessonPlan" time="0.0">
    <ignored/>
  </testcase> <!-- addChildNodesToLessonPlan -->
  <testcase classname="org.testscript.mentor.CheckAvailabilityOfCourseForInvitedMember" name="checkAvailabilityOfCourseForInvitedMember" time="0.0">
    <ignored/>
  </testcase> <!-- checkAvailabilityOfCourseForInvitedMember -->
  <testcase classname="org.testscript.creator.VerifySortByInAllMyContentForCreator" name="verifyAllMyContentSortByForCreator" time="0.0">
    <ignored/>
  </testcase> <!-- verifyAllMyContentSortByForCreator -->
  <testcase classname="org.testscript.regression_removed.TC_303" name="TC_303_rootOrg" time="0.0">
    <ignored/>
  </testcase> <!-- TC_303_rootOrg -->
  <testcase classname="org.testscript.creator.VerifyCourseCanBePreviewed" name="verifyCourseCanBePreviewed" time="0.0">
    <ignored/>
  </testcase> <!-- verifyCourseCanBePreviewed -->
  <testcase classname="org.testscript.creator.VerifyOwnersipTypeDdlValueContentWhenOpenedFromLimitedPublishing" name="verifyOwnershipTypeDropdownContentWhenOpenedFromLP" time="0.0">
    <ignored/>
  </testcase> <!-- verifyOwnershipTypeDropdownContentWhenOpenedFromLP -->
  <testcase classname="org.testscript.creator.VerifyPublishedContentInPublishedBucket" name="verifyPublishedContentInPublishedBucket" time="0.0">
    <ignored/>
  </testcase> <!-- verifyPublishedContentInPublishedBucket -->
  <testcase classname="org.testscript.mentor.VerifyMembersAutoInvitatedInInviteOnlyBatch" name="verifyMembersAutoInvitatedInInviteOnlyBatch" time="0.0">
    <ignored/>
  </testcase> <!-- verifyMembersAutoInvitatedInInviteOnlyBatch -->
  <testcase classname="org.testscript.creator.SendTheCourseForReview" name="sendTheCourseForReview" time="0.0">
    <ignored/>
  </testcase> <!-- sendTheCourseForReview -->
  <testcase classname="org.testscript.mentor.OpenBatchCreation" name="openBatchCreation" time="0.0">
    <ignored/>
  </testcase> <!-- openBatchCreation -->
  <testcase classname="org.testscript.creator.VerifyOwnershipTypeDdlValueContentWhenOpenedFromPublishedSection" name="verifyOwnershipTypeDdlValueContentWhenOpenedFromPublishedSection" time="0.0">
    <ignored/>
  </testcase> <!-- verifyOwnershipTypeDdlValueContentWhenOpenedFromPublishedSection -->
  <testcase classname="org.testscript.mentor.ConsumeOpenCourseByPublicUserAndCheckCourseStatAsMentor" name="consumeOpenCourseByPublicUserAndCheckCourseStatAsMentor" time="0.0">
    <ignored/>
  </testcase> <!-- consumeOpenCourseByPublicUserAndCheckCourseStatAsMentor -->
  <testcase classname="org.testscript.reviewer.RejectTheUploadedContent" name="rejectTheUploadedContent" time="0.0">
    <ignored/>
  </testcase> <!-- rejectTheUploadedContent -->
  <testcase classname="org.testscript.publicuser.VerifyNavigateToGetPage" name="verify_NavigateToGetPage" time="0.0">
    <ignored/>
  </testcase> <!-- verify_NavigateToGetPage -->
  <testcase classname="org.testscript.creator.SeeTheContentBasedOnAppliedFilter" name="seeTheContentBasedOnAppliedFilter" time="0.0">
    <ignored/>
  </testcase> <!-- seeTheContentBasedOnAppliedFilter -->
  <testcase classname="org.testscript.creator.VerifyThatTopicsAreDisplayedOnMetaDataForm" name="verifyThatTopicsAreDisplayedOnMetaDataForm" time="0.0">
    <ignored/>
  </testcase> <!-- verifyThatTopicsAreDisplayedOnMetaDataForm -->
  <testcase classname="org.testscript.creator.DeletePublishedResourcesFromAllMyContent" name="deletePublishedResourcesFromAllMyContent" time="0.0">
    <ignored/>
  </testcase> <!-- deletePublishedResourcesFromAllMyContent -->
  <testcase classname="org.testscript.creator.CreateQuestionMCQAndVerify" name="createQuestionMCQAndVerify" time="0.0">
    <ignored/>
  </testcase> <!-- createQuestionMCQAndVerify -->
  <testcase classname="org.testscript.reviewer.SearchContentWithFiltersAsReviewer" name="searchContentWithFiltersAsReviewer" time="0.0">
    <ignored/>
  </testcase> <!-- searchContentWithFiltersAsReviewer -->
  <testcase classname="org.testscript.creator.CreateResourceWithMCQQuestionSet" name="createResourceWithMcqQuestion" time="0.0">
    <ignored/>
  </testcase> <!-- createResourceWithMcqQuestion -->
  <testcase classname="org.testscript.creator.VerifyOwnershipTypeCreatedByInBook" name="verifyOwnershipTypeCreatedByInBook" time="0.0">
    <ignored/>
  </testcase> <!-- verifyOwnershipTypeCreatedByInBook -->
  <testcase classname="org.testscript.creator.LimitedSharedContentInLimitedSharingSection" name="workspace_LimitedPublishing" time="0.0">
    <ignored/>
  </testcase> <!-- workspace_LimitedPublishing -->
  <testcase classname="org.testscript.announcementsender.CreateAnnouncementWithAttachment" name="createAnnouncementWithAttachment" time="0.0">
    <ignored/>
  </testcase> <!-- createAnnouncementWithAttachment -->
  <testcase classname="org.testscript.creator.CreatorQuestionAndVerify" name="creatorQuestionAndVerify" time="0.0">
    <ignored/>
  </testcase> <!-- creatorQuestionAndVerify -->
  <testcase classname="org.testscript.creator.DeletePublishedBookFromAllMyContent" name="deletePublishedBookFromAllMyContent" time="0.0">
    <ignored/>
  </testcase> <!-- deletePublishedBookFromAllMyContent -->
  <testcase classname="org.testscript.creator.EditContentAndSendForReview" name="editContentAndSendForReview" time="0.0">
    <ignored/>
  </testcase> <!-- editContentAndSendForReview -->
  <testcase classname="org.testscript.creator.CreateLessonPlanWith3Resources" name="createLessonPlanWith3Resources" time="0.0">
    <ignored/>
  </testcase> <!-- createLessonPlanWith3Resources -->
  <testcase classname="org.testscript.creator.UnlinkDailcode" name="unlinkDailcode" time="0.0">
    <ignored/>
  </testcase> <!-- unlinkDailcode -->
  <testcase classname="org.testscript.creator.VerifyOwnershipTypeDropdownAndSelectValueWhenOpenedFromAllUploads" name="verifyOwnershipTypeDropdown" time="0.0">
    <ignored/>
  </testcase> <!-- verifyOwnershipTypeDropdown -->
  <testcase classname="org.testscript.announcementsender.VerifyAnnouncementPageContent" name="VerifyAnnouncementCreationFields" time="0.0">
    <ignored/>
  </testcase> <!-- VerifyAnnouncementCreationFields -->
  <testcase classname="org.testscript.creator.VerifyOwnershipTypeDdlValueContentWhenOpenedFromAllMyContentSection" name="verifyOwnershipTypeDdlValueContentWhenOpenedFromAllMyContentSection" time="0.0">
    <ignored/>
  </testcase> <!-- verifyOwnershipTypeDdlValueContentWhenOpenedFromAllMyContentSection -->
  <testcase classname="org.testscript.creator.EditUploadedContent" name="editUploadedContent" time="0.0">
    <ignored/>
  </testcase> <!-- editUploadedContent -->
  <testcase classname="org.testscript.reviewer.VerifyFiltersCanBeAppliedInUpForReview" name="verifyFiltersCanBeAppliedInUpForReview" time="0.0">
    <ignored/>
  </testcase> <!-- verifyFiltersCanBeAppliedInUpForReview -->
  <testcase classname="org.testscript.mentor.ToVerifyUpdatingOfUpcomingBatchForSearchedCourse" name="toVerifyUpdatingOfUpcomingBatchForSearchedCourse" time="0.0">
    <ignored/>
  </testcase> <!-- toVerifyUpdatingOfUpcomingBatchForSearchedCourse -->
  <testcase classname="org.testscript.skippedfunctionality.VerifyHomePage" name="verifyHomePage" time="0.0">
    <ignored/>
  </testcase> <!-- verifyHomePage -->
  <testcase classname="org.testscript.creator.VerifyContentInUpForReview" name="verifyContentInUpForReview" time="0.0">
    <ignored/>
  </testcase> <!-- verifyContentInUpForReview -->
  <testcase classname="org.testscript.regression_removed.TC_306" name="TC_306_rootOrg" time="0.0">
    <ignored/>
  </testcase> <!-- TC_306_rootOrg -->
  <testcase classname="org.testscript.creator.VerifyTheUploadedContent" name="verifyTheUploadedContent" time="0.0">
    <ignored/>
  </testcase> <!-- verifyTheUploadedContent -->
  <testcase classname="org.testscript.admin.VerifyElementsInAdminDashboard" name="verifyElementsInAdminDashboard" time="0.0">
    <ignored/>
  </testcase> <!-- verifyElementsInAdminDashboard -->
  <testcase classname="org.testscript.announcementsender.VerifyFilledDataWhileCreatingAnnouncement" name="verifyFilledDataWhileCreatingAnnouncement" time="0.0">
    <ignored/>
  </testcase> <!-- verifyFilledDataWhileCreatingAnnouncement -->
</testsuite> <!-- Testing -->
